[2018-10-13 08:50:48,715] {jobs.py:343} DagFileProcessor3 INFO - Started process (PID=78041) to work on /Users/zhonghengli/Deep_Images_Hub/src/airflow/workspace/airflow_home/dags/Batch_Image_submissions.py
[2018-10-13 08:50:48,720] {jobs.py:534} DagFileProcessor3 ERROR - Cannot use more than 1 thread when using sqlite. Setting max_threads to 1
[2018-10-13 08:50:48,721] {jobs.py:1521} DagFileProcessor3 INFO - Processing file /Users/zhonghengli/Deep_Images_Hub/src/airflow/workspace/airflow_home/dags/Batch_Image_submissions.py for tasks to queue
[2018-10-13 08:50:48,721] {models.py:167} DagFileProcessor3 INFO - Filling up the DagBag from /Users/zhonghengli/Deep_Images_Hub/src/airflow/workspace/airflow_home/dags/Batch_Image_submissions.py
[2018-10-13 08:50:49,307] {jobs.py:1535} DagFileProcessor3 INFO - DAG(s) dict_keys(['latest_only', 'example_python_operator', 'test_utils', 'example_bash_operator', 'example_short_circuit_operator', 'example_branch_operator', 'tutorial', 'example_passing_params_via_test_command', 'latest_only_with_trigger', 'example_xcom', 'example_http_operator', 'example_skip_dag', 'example_trigger_target_dag', 'example_branch_dop_operator_v3', 'example_subdag_operator', 'example_subdag_operator.section-1', 'example_subdag_operator.section-2', 'example_trigger_controller_dag', 'Batch_image_submission_simulation']) retrieved from /Users/zhonghengli/Deep_Images_Hub/src/airflow/workspace/airflow_home/dags/Batch_Image_submissions.py
[2018-10-13 08:50:49,448] {models.py:322} DagFileProcessor3 INFO - Finding 'running' jobs without a recent heartbeat
[2018-10-13 08:50:49,448] {models.py:328} DagFileProcessor3 INFO - Failing jobs without heartbeat after 2018-10-13 08:45:49.448810
[2018-10-13 08:50:49,452] {jobs.py:351} DagFileProcessor3 INFO - Processing /Users/zhonghengli/Deep_Images_Hub/src/airflow/workspace/airflow_home/dags/Batch_Image_submissions.py took 0.738 seconds
[2018-10-13 08:50:55,847] {jobs.py:343} DagFileProcessor7 INFO - Started process (PID=78045) to work on /Users/zhonghengli/Deep_Images_Hub/src/airflow/workspace/airflow_home/dags/Batch_Image_submissions.py
[2018-10-13 08:50:55,853] {jobs.py:534} DagFileProcessor7 ERROR - Cannot use more than 1 thread when using sqlite. Setting max_threads to 1
[2018-10-13 08:50:55,855] {jobs.py:1521} DagFileProcessor7 INFO - Processing file /Users/zhonghengli/Deep_Images_Hub/src/airflow/workspace/airflow_home/dags/Batch_Image_submissions.py for tasks to queue
[2018-10-13 08:50:55,855] {models.py:167} DagFileProcessor7 INFO - Filling up the DagBag from /Users/zhonghengli/Deep_Images_Hub/src/airflow/workspace/airflow_home/dags/Batch_Image_submissions.py
[2018-10-13 08:50:56,305] {jobs.py:1535} DagFileProcessor7 INFO - DAG(s) dict_keys(['latest_only', 'example_python_operator', 'test_utils', 'example_bash_operator', 'example_short_circuit_operator', 'example_branch_operator', 'tutorial', 'example_passing_params_via_test_command', 'latest_only_with_trigger', 'example_xcom', 'example_http_operator', 'example_skip_dag', 'example_trigger_target_dag', 'example_branch_dop_operator_v3', 'example_subdag_operator', 'example_subdag_operator.section-1', 'example_subdag_operator.section-2', 'example_trigger_controller_dag', 'Batch_image_submission_simulation']) retrieved from /Users/zhonghengli/Deep_Images_Hub/src/airflow/workspace/airflow_home/dags/Batch_Image_submissions.py
[2018-10-13 08:50:56,472] {models.py:322} DagFileProcessor7 INFO - Finding 'running' jobs without a recent heartbeat
[2018-10-13 08:50:56,473] {models.py:328} DagFileProcessor7 INFO - Failing jobs without heartbeat after 2018-10-13 08:45:56.472994
[2018-10-13 08:50:56,476] {jobs.py:351} DagFileProcessor7 INFO - Processing /Users/zhonghengli/Deep_Images_Hub/src/airflow/workspace/airflow_home/dags/Batch_Image_submissions.py took 0.629 seconds
[2018-10-13 08:51:03,187] {jobs.py:343} DagFileProcessor11 INFO - Started process (PID=78049) to work on /Users/zhonghengli/Deep_Images_Hub/src/airflow/workspace/airflow_home/dags/Batch_Image_submissions.py
[2018-10-13 08:51:03,192] {jobs.py:534} DagFileProcessor11 ERROR - Cannot use more than 1 thread when using sqlite. Setting max_threads to 1
[2018-10-13 08:51:03,193] {jobs.py:1521} DagFileProcessor11 INFO - Processing file /Users/zhonghengli/Deep_Images_Hub/src/airflow/workspace/airflow_home/dags/Batch_Image_submissions.py for tasks to queue
[2018-10-13 08:51:03,193] {models.py:167} DagFileProcessor11 INFO - Filling up the DagBag from /Users/zhonghengli/Deep_Images_Hub/src/airflow/workspace/airflow_home/dags/Batch_Image_submissions.py
[2018-10-13 08:51:03,644] {jobs.py:1535} DagFileProcessor11 INFO - DAG(s) dict_keys(['latest_only', 'example_python_operator', 'test_utils', 'example_bash_operator', 'example_short_circuit_operator', 'example_branch_operator', 'tutorial', 'example_passing_params_via_test_command', 'latest_only_with_trigger', 'example_xcom', 'example_http_operator', 'example_skip_dag', 'example_trigger_target_dag', 'example_branch_dop_operator_v3', 'example_subdag_operator', 'example_subdag_operator.section-1', 'example_subdag_operator.section-2', 'example_trigger_controller_dag', 'Batch_image_submission_simulation']) retrieved from /Users/zhonghengli/Deep_Images_Hub/src/airflow/workspace/airflow_home/dags/Batch_Image_submissions.py
[2018-10-13 08:51:03,810] {models.py:322} DagFileProcessor11 INFO - Finding 'running' jobs without a recent heartbeat
[2018-10-13 08:51:03,810] {models.py:328} DagFileProcessor11 INFO - Failing jobs without heartbeat after 2018-10-13 08:46:03.810740
[2018-10-13 08:51:03,816] {jobs.py:351} DagFileProcessor11 INFO - Processing /Users/zhonghengli/Deep_Images_Hub/src/airflow/workspace/airflow_home/dags/Batch_Image_submissions.py took 0.629 seconds
[2018-10-13 08:51:10,724] {jobs.py:343} DagFileProcessor15 INFO - Started process (PID=78053) to work on /Users/zhonghengli/Deep_Images_Hub/src/airflow/workspace/airflow_home/dags/Batch_Image_submissions.py
[2018-10-13 08:51:10,729] {jobs.py:534} DagFileProcessor15 ERROR - Cannot use more than 1 thread when using sqlite. Setting max_threads to 1
[2018-10-13 08:51:10,730] {jobs.py:1521} DagFileProcessor15 INFO - Processing file /Users/zhonghengli/Deep_Images_Hub/src/airflow/workspace/airflow_home/dags/Batch_Image_submissions.py for tasks to queue
[2018-10-13 08:51:10,731] {models.py:167} DagFileProcessor15 INFO - Filling up the DagBag from /Users/zhonghengli/Deep_Images_Hub/src/airflow/workspace/airflow_home/dags/Batch_Image_submissions.py
[2018-10-13 08:51:11,149] {jobs.py:1535} DagFileProcessor15 INFO - DAG(s) dict_keys(['latest_only', 'example_python_operator', 'test_utils', 'example_bash_operator', 'example_short_circuit_operator', 'example_branch_operator', 'tutorial', 'example_passing_params_via_test_command', 'latest_only_with_trigger', 'example_xcom', 'example_http_operator', 'example_skip_dag', 'example_trigger_target_dag', 'example_branch_dop_operator_v3', 'example_subdag_operator', 'example_subdag_operator.section-1', 'example_subdag_operator.section-2', 'example_trigger_controller_dag', 'Batch_image_submission_simulation']) retrieved from /Users/zhonghengli/Deep_Images_Hub/src/airflow/workspace/airflow_home/dags/Batch_Image_submissions.py
[2018-10-13 08:51:11,319] {models.py:322} DagFileProcessor15 INFO - Finding 'running' jobs without a recent heartbeat
[2018-10-13 08:51:11,320] {models.py:328} DagFileProcessor15 INFO - Failing jobs without heartbeat after 2018-10-13 08:46:11.319983
[2018-10-13 08:51:11,324] {jobs.py:351} DagFileProcessor15 INFO - Processing /Users/zhonghengli/Deep_Images_Hub/src/airflow/workspace/airflow_home/dags/Batch_Image_submissions.py took 0.599 seconds
[2018-10-13 08:51:24,682] {jobs.py:343} DagFileProcessor19 INFO - Started process (PID=78077) to work on /Users/zhonghengli/Deep_Images_Hub/src/airflow/workspace/airflow_home/dags/Batch_Image_submissions.py
[2018-10-13 08:51:24,687] {jobs.py:534} DagFileProcessor19 ERROR - Cannot use more than 1 thread when using sqlite. Setting max_threads to 1
[2018-10-13 08:51:24,688] {jobs.py:1521} DagFileProcessor19 INFO - Processing file /Users/zhonghengli/Deep_Images_Hub/src/airflow/workspace/airflow_home/dags/Batch_Image_submissions.py for tasks to queue
[2018-10-13 08:51:24,689] {models.py:167} DagFileProcessor19 INFO - Filling up the DagBag from /Users/zhonghengli/Deep_Images_Hub/src/airflow/workspace/airflow_home/dags/Batch_Image_submissions.py
[2018-10-13 08:51:25,067] {jobs.py:1535} DagFileProcessor19 INFO - DAG(s) dict_keys(['latest_only', 'example_python_operator', 'test_utils', 'example_bash_operator', 'example_short_circuit_operator', 'example_branch_operator', 'tutorial', 'example_passing_params_via_test_command', 'latest_only_with_trigger', 'example_xcom', 'example_http_operator', 'example_skip_dag', 'example_trigger_target_dag', 'example_branch_dop_operator_v3', 'example_subdag_operator', 'example_subdag_operator.section-1', 'example_subdag_operator.section-2', 'example_trigger_controller_dag', 'Batch_image_submission_simulation']) retrieved from /Users/zhonghengli/Deep_Images_Hub/src/airflow/workspace/airflow_home/dags/Batch_Image_submissions.py
[2018-10-13 08:51:25,256] {models.py:322} DagFileProcessor19 INFO - Finding 'running' jobs without a recent heartbeat
[2018-10-13 08:51:25,257] {models.py:328} DagFileProcessor19 INFO - Failing jobs without heartbeat after 2018-10-13 08:46:25.257514
[2018-10-13 08:51:25,261] {jobs.py:351} DagFileProcessor19 INFO - Processing /Users/zhonghengli/Deep_Images_Hub/src/airflow/workspace/airflow_home/dags/Batch_Image_submissions.py took 0.579 seconds
[2018-10-13 08:51:38,509] {jobs.py:343} DagFileProcessor23 INFO - Started process (PID=78096) to work on /Users/zhonghengli/Deep_Images_Hub/src/airflow/workspace/airflow_home/dags/Batch_Image_submissions.py
[2018-10-13 08:51:38,514] {jobs.py:534} DagFileProcessor23 ERROR - Cannot use more than 1 thread when using sqlite. Setting max_threads to 1
[2018-10-13 08:51:38,515] {jobs.py:1521} DagFileProcessor23 INFO - Processing file /Users/zhonghengli/Deep_Images_Hub/src/airflow/workspace/airflow_home/dags/Batch_Image_submissions.py for tasks to queue
[2018-10-13 08:51:38,516] {models.py:167} DagFileProcessor23 INFO - Filling up the DagBag from /Users/zhonghengli/Deep_Images_Hub/src/airflow/workspace/airflow_home/dags/Batch_Image_submissions.py
[2018-10-13 08:51:38,897] {jobs.py:1535} DagFileProcessor23 INFO - DAG(s) dict_keys(['latest_only', 'example_python_operator', 'test_utils', 'example_bash_operator', 'example_short_circuit_operator', 'example_branch_operator', 'tutorial', 'example_passing_params_via_test_command', 'latest_only_with_trigger', 'example_xcom', 'example_http_operator', 'example_skip_dag', 'example_trigger_target_dag', 'example_branch_dop_operator_v3', 'example_subdag_operator', 'example_subdag_operator.section-1', 'example_subdag_operator.section-2', 'example_trigger_controller_dag', 'Batch_image_submission_simulation']) retrieved from /Users/zhonghengli/Deep_Images_Hub/src/airflow/workspace/airflow_home/dags/Batch_Image_submissions.py
[2018-10-13 08:51:39,075] {models.py:322} DagFileProcessor23 INFO - Finding 'running' jobs without a recent heartbeat
[2018-10-13 08:51:39,075] {models.py:328} DagFileProcessor23 INFO - Failing jobs without heartbeat after 2018-10-13 08:46:39.075712
[2018-10-13 08:51:39,079] {jobs.py:351} DagFileProcessor23 INFO - Processing /Users/zhonghengli/Deep_Images_Hub/src/airflow/workspace/airflow_home/dags/Batch_Image_submissions.py took 0.570 seconds
[2018-10-13 08:51:45,664] {jobs.py:343} DagFileProcessor27 INFO - Started process (PID=78100) to work on /Users/zhonghengli/Deep_Images_Hub/src/airflow/workspace/airflow_home/dags/Batch_Image_submissions.py
[2018-10-13 08:51:45,670] {jobs.py:534} DagFileProcessor27 ERROR - Cannot use more than 1 thread when using sqlite. Setting max_threads to 1
[2018-10-13 08:51:45,672] {jobs.py:1521} DagFileProcessor27 INFO - Processing file /Users/zhonghengli/Deep_Images_Hub/src/airflow/workspace/airflow_home/dags/Batch_Image_submissions.py for tasks to queue
[2018-10-13 08:51:45,672] {models.py:167} DagFileProcessor27 INFO - Filling up the DagBag from /Users/zhonghengli/Deep_Images_Hub/src/airflow/workspace/airflow_home/dags/Batch_Image_submissions.py
[2018-10-13 08:51:46,254] {jobs.py:1535} DagFileProcessor27 INFO - DAG(s) dict_keys(['latest_only', 'example_python_operator', 'test_utils', 'example_bash_operator', 'example_short_circuit_operator', 'example_branch_operator', 'tutorial', 'example_passing_params_via_test_command', 'latest_only_with_trigger', 'example_xcom', 'example_http_operator', 'example_skip_dag', 'example_trigger_target_dag', 'example_branch_dop_operator_v3', 'example_subdag_operator', 'example_subdag_operator.section-1', 'example_subdag_operator.section-2', 'example_trigger_controller_dag', 'Batch_image_submission_simulation']) retrieved from /Users/zhonghengli/Deep_Images_Hub/src/airflow/workspace/airflow_home/dags/Batch_Image_submissions.py
[2018-10-13 08:51:46,630] {models.py:322} DagFileProcessor27 INFO - Finding 'running' jobs without a recent heartbeat
[2018-10-13 08:51:46,631] {models.py:328} DagFileProcessor27 INFO - Failing jobs without heartbeat after 2018-10-13 08:46:46.631217
[2018-10-13 08:51:46,635] {jobs.py:351} DagFileProcessor27 INFO - Processing /Users/zhonghengli/Deep_Images_Hub/src/airflow/workspace/airflow_home/dags/Batch_Image_submissions.py took 0.972 seconds
[2018-10-13 08:51:53,016] {jobs.py:343} DagFileProcessor31 INFO - Started process (PID=78104) to work on /Users/zhonghengli/Deep_Images_Hub/src/airflow/workspace/airflow_home/dags/Batch_Image_submissions.py
[2018-10-13 08:51:53,022] {jobs.py:534} DagFileProcessor31 ERROR - Cannot use more than 1 thread when using sqlite. Setting max_threads to 1
[2018-10-13 08:51:53,023] {jobs.py:1521} DagFileProcessor31 INFO - Processing file /Users/zhonghengli/Deep_Images_Hub/src/airflow/workspace/airflow_home/dags/Batch_Image_submissions.py for tasks to queue
[2018-10-13 08:51:53,024] {models.py:167} DagFileProcessor31 INFO - Filling up the DagBag from /Users/zhonghengli/Deep_Images_Hub/src/airflow/workspace/airflow_home/dags/Batch_Image_submissions.py
[2018-10-13 08:51:53,455] {jobs.py:1535} DagFileProcessor31 INFO - DAG(s) dict_keys(['latest_only', 'example_python_operator', 'test_utils', 'example_bash_operator', 'example_short_circuit_operator', 'example_branch_operator', 'tutorial', 'example_passing_params_via_test_command', 'latest_only_with_trigger', 'example_xcom', 'example_http_operator', 'example_skip_dag', 'example_trigger_target_dag', 'example_branch_dop_operator_v3', 'example_subdag_operator', 'example_subdag_operator.section-1', 'example_subdag_operator.section-2', 'example_trigger_controller_dag', 'Batch_image_submission_simulation']) retrieved from /Users/zhonghengli/Deep_Images_Hub/src/airflow/workspace/airflow_home/dags/Batch_Image_submissions.py
[2018-10-13 08:51:53,677] {models.py:322} DagFileProcessor31 INFO - Finding 'running' jobs without a recent heartbeat
[2018-10-13 08:51:53,678] {models.py:328} DagFileProcessor31 INFO - Failing jobs without heartbeat after 2018-10-13 08:46:53.678361
[2018-10-13 08:51:53,683] {jobs.py:351} DagFileProcessor31 INFO - Processing /Users/zhonghengli/Deep_Images_Hub/src/airflow/workspace/airflow_home/dags/Batch_Image_submissions.py took 0.667 seconds
[2018-10-13 08:51:59,959] {jobs.py:343} DagFileProcessor35 INFO - Started process (PID=78108) to work on /Users/zhonghengli/Deep_Images_Hub/src/airflow/workspace/airflow_home/dags/Batch_Image_submissions.py
[2018-10-13 08:51:59,964] {jobs.py:534} DagFileProcessor35 ERROR - Cannot use more than 1 thread when using sqlite. Setting max_threads to 1
[2018-10-13 08:51:59,966] {jobs.py:1521} DagFileProcessor35 INFO - Processing file /Users/zhonghengli/Deep_Images_Hub/src/airflow/workspace/airflow_home/dags/Batch_Image_submissions.py for tasks to queue
[2018-10-13 08:51:59,966] {models.py:167} DagFileProcessor35 INFO - Filling up the DagBag from /Users/zhonghengli/Deep_Images_Hub/src/airflow/workspace/airflow_home/dags/Batch_Image_submissions.py
[2018-10-13 08:52:00,816] {jobs.py:1535} DagFileProcessor35 INFO - DAG(s) dict_keys(['latest_only', 'example_python_operator', 'test_utils', 'example_bash_operator', 'example_short_circuit_operator', 'example_branch_operator', 'tutorial', 'example_passing_params_via_test_command', 'latest_only_with_trigger', 'example_xcom', 'example_http_operator', 'example_skip_dag', 'example_trigger_target_dag', 'example_branch_dop_operator_v3', 'example_subdag_operator', 'example_subdag_operator.section-1', 'example_subdag_operator.section-2', 'example_trigger_controller_dag', 'Batch_image_submission_simulation']) retrieved from /Users/zhonghengli/Deep_Images_Hub/src/airflow/workspace/airflow_home/dags/Batch_Image_submissions.py
[2018-10-13 08:52:01,134] {models.py:322} DagFileProcessor35 INFO - Finding 'running' jobs without a recent heartbeat
[2018-10-13 08:52:01,135] {models.py:328} DagFileProcessor35 INFO - Failing jobs without heartbeat after 2018-10-13 08:47:01.135205
[2018-10-13 08:52:01,138] {jobs.py:351} DagFileProcessor35 INFO - Processing /Users/zhonghengli/Deep_Images_Hub/src/airflow/workspace/airflow_home/dags/Batch_Image_submissions.py took 1.179 seconds
[2018-10-13 08:52:07,799] {jobs.py:343} DagFileProcessor39 INFO - Started process (PID=78119) to work on /Users/zhonghengli/Deep_Images_Hub/src/airflow/workspace/airflow_home/dags/Batch_Image_submissions.py
[2018-10-13 08:52:07,804] {jobs.py:534} DagFileProcessor39 ERROR - Cannot use more than 1 thread when using sqlite. Setting max_threads to 1
[2018-10-13 08:52:07,806] {jobs.py:1521} DagFileProcessor39 INFO - Processing file /Users/zhonghengli/Deep_Images_Hub/src/airflow/workspace/airflow_home/dags/Batch_Image_submissions.py for tasks to queue
[2018-10-13 08:52:07,806] {models.py:167} DagFileProcessor39 INFO - Filling up the DagBag from /Users/zhonghengli/Deep_Images_Hub/src/airflow/workspace/airflow_home/dags/Batch_Image_submissions.py
[2018-10-13 08:52:08,352] {jobs.py:1535} DagFileProcessor39 INFO - DAG(s) dict_keys(['latest_only', 'example_python_operator', 'test_utils', 'example_bash_operator', 'example_short_circuit_operator', 'example_branch_operator', 'tutorial', 'example_passing_params_via_test_command', 'latest_only_with_trigger', 'example_xcom', 'example_http_operator', 'example_skip_dag', 'example_trigger_target_dag', 'example_branch_dop_operator_v3', 'example_subdag_operator', 'example_subdag_operator.section-1', 'example_subdag_operator.section-2', 'example_trigger_controller_dag', 'Batch_image_submission_simulation']) retrieved from /Users/zhonghengli/Deep_Images_Hub/src/airflow/workspace/airflow_home/dags/Batch_Image_submissions.py
[2018-10-13 08:52:08,543] {models.py:322} DagFileProcessor39 INFO - Finding 'running' jobs without a recent heartbeat
[2018-10-13 08:52:08,544] {models.py:328} DagFileProcessor39 INFO - Failing jobs without heartbeat after 2018-10-13 08:47:08.544267
[2018-10-13 08:52:08,547] {jobs.py:351} DagFileProcessor39 INFO - Processing /Users/zhonghengli/Deep_Images_Hub/src/airflow/workspace/airflow_home/dags/Batch_Image_submissions.py took 0.748 seconds
[2018-10-13 08:52:14,827] {jobs.py:343} DagFileProcessor43 INFO - Started process (PID=78123) to work on /Users/zhonghengli/Deep_Images_Hub/src/airflow/workspace/airflow_home/dags/Batch_Image_submissions.py
[2018-10-13 08:52:14,831] {jobs.py:534} DagFileProcessor43 ERROR - Cannot use more than 1 thread when using sqlite. Setting max_threads to 1
[2018-10-13 08:52:14,832] {jobs.py:1521} DagFileProcessor43 INFO - Processing file /Users/zhonghengli/Deep_Images_Hub/src/airflow/workspace/airflow_home/dags/Batch_Image_submissions.py for tasks to queue
[2018-10-13 08:52:14,833] {models.py:167} DagFileProcessor43 INFO - Filling up the DagBag from /Users/zhonghengli/Deep_Images_Hub/src/airflow/workspace/airflow_home/dags/Batch_Image_submissions.py
[2018-10-13 08:52:15,292] {jobs.py:1535} DagFileProcessor43 INFO - DAG(s) dict_keys(['latest_only', 'example_python_operator', 'test_utils', 'example_bash_operator', 'example_short_circuit_operator', 'example_branch_operator', 'tutorial', 'example_passing_params_via_test_command', 'latest_only_with_trigger', 'example_xcom', 'example_http_operator', 'example_skip_dag', 'example_trigger_target_dag', 'example_branch_dop_operator_v3', 'example_subdag_operator', 'example_subdag_operator.section-1', 'example_subdag_operator.section-2', 'example_trigger_controller_dag', 'Batch_image_submission_simulation']) retrieved from /Users/zhonghengli/Deep_Images_Hub/src/airflow/workspace/airflow_home/dags/Batch_Image_submissions.py
[2018-10-13 08:52:15,494] {models.py:322} DagFileProcessor43 INFO - Finding 'running' jobs without a recent heartbeat
[2018-10-13 08:52:15,495] {models.py:328} DagFileProcessor43 INFO - Failing jobs without heartbeat after 2018-10-13 08:47:15.495126
[2018-10-13 08:52:15,498] {jobs.py:351} DagFileProcessor43 INFO - Processing /Users/zhonghengli/Deep_Images_Hub/src/airflow/workspace/airflow_home/dags/Batch_Image_submissions.py took 0.671 seconds
[2018-10-13 08:52:22,188] {jobs.py:343} DagFileProcessor47 INFO - Started process (PID=78127) to work on /Users/zhonghengli/Deep_Images_Hub/src/airflow/workspace/airflow_home/dags/Batch_Image_submissions.py
[2018-10-13 08:52:22,196] {jobs.py:534} DagFileProcessor47 ERROR - Cannot use more than 1 thread when using sqlite. Setting max_threads to 1
[2018-10-13 08:52:22,197] {jobs.py:1521} DagFileProcessor47 INFO - Processing file /Users/zhonghengli/Deep_Images_Hub/src/airflow/workspace/airflow_home/dags/Batch_Image_submissions.py for tasks to queue
[2018-10-13 08:52:22,198] {models.py:167} DagFileProcessor47 INFO - Filling up the DagBag from /Users/zhonghengli/Deep_Images_Hub/src/airflow/workspace/airflow_home/dags/Batch_Image_submissions.py
[2018-10-13 08:52:22,624] {jobs.py:1535} DagFileProcessor47 INFO - DAG(s) dict_keys(['latest_only', 'example_python_operator', 'test_utils', 'example_bash_operator', 'example_short_circuit_operator', 'example_branch_operator', 'tutorial', 'example_passing_params_via_test_command', 'latest_only_with_trigger', 'example_xcom', 'example_http_operator', 'example_skip_dag', 'example_trigger_target_dag', 'example_branch_dop_operator_v3', 'example_subdag_operator', 'example_subdag_operator.section-1', 'example_subdag_operator.section-2', 'example_trigger_controller_dag', 'Batch_image_submission_simulation']) retrieved from /Users/zhonghengli/Deep_Images_Hub/src/airflow/workspace/airflow_home/dags/Batch_Image_submissions.py
[2018-10-13 08:52:22,815] {models.py:322} DagFileProcessor47 INFO - Finding 'running' jobs without a recent heartbeat
[2018-10-13 08:52:22,816] {models.py:328} DagFileProcessor47 INFO - Failing jobs without heartbeat after 2018-10-13 08:47:22.815969
[2018-10-13 08:52:22,820] {jobs.py:351} DagFileProcessor47 INFO - Processing /Users/zhonghengli/Deep_Images_Hub/src/airflow/workspace/airflow_home/dags/Batch_Image_submissions.py took 0.632 seconds
[2018-10-13 08:52:29,424] {jobs.py:343} DagFileProcessor51 INFO - Started process (PID=78131) to work on /Users/zhonghengli/Deep_Images_Hub/src/airflow/workspace/airflow_home/dags/Batch_Image_submissions.py
[2018-10-13 08:52:29,430] {jobs.py:534} DagFileProcessor51 ERROR - Cannot use more than 1 thread when using sqlite. Setting max_threads to 1
[2018-10-13 08:52:29,431] {jobs.py:1521} DagFileProcessor51 INFO - Processing file /Users/zhonghengli/Deep_Images_Hub/src/airflow/workspace/airflow_home/dags/Batch_Image_submissions.py for tasks to queue
[2018-10-13 08:52:29,432] {models.py:167} DagFileProcessor51 INFO - Filling up the DagBag from /Users/zhonghengli/Deep_Images_Hub/src/airflow/workspace/airflow_home/dags/Batch_Image_submissions.py
[2018-10-13 08:52:29,905] {jobs.py:1535} DagFileProcessor51 INFO - DAG(s) dict_keys(['latest_only', 'example_python_operator', 'test_utils', 'example_bash_operator', 'example_short_circuit_operator', 'example_branch_operator', 'tutorial', 'example_passing_params_via_test_command', 'latest_only_with_trigger', 'example_xcom', 'example_http_operator', 'example_skip_dag', 'example_trigger_target_dag', 'example_branch_dop_operator_v3', 'example_subdag_operator', 'example_subdag_operator.section-1', 'example_subdag_operator.section-2', 'example_trigger_controller_dag', 'Batch_image_submission_simulation']) retrieved from /Users/zhonghengli/Deep_Images_Hub/src/airflow/workspace/airflow_home/dags/Batch_Image_submissions.py
[2018-10-13 08:52:30,049] {models.py:322} DagFileProcessor51 INFO - Finding 'running' jobs without a recent heartbeat
[2018-10-13 08:52:30,049] {models.py:328} DagFileProcessor51 INFO - Failing jobs without heartbeat after 2018-10-13 08:47:30.049390
[2018-10-13 08:52:30,053] {jobs.py:351} DagFileProcessor51 INFO - Processing /Users/zhonghengli/Deep_Images_Hub/src/airflow/workspace/airflow_home/dags/Batch_Image_submissions.py took 0.628 seconds
[2018-10-13 08:52:36,357] {jobs.py:343} DagFileProcessor55 INFO - Started process (PID=78146) to work on /Users/zhonghengli/Deep_Images_Hub/src/airflow/workspace/airflow_home/dags/Batch_Image_submissions.py
[2018-10-13 08:52:36,363] {jobs.py:534} DagFileProcessor55 ERROR - Cannot use more than 1 thread when using sqlite. Setting max_threads to 1
[2018-10-13 08:52:36,364] {jobs.py:1521} DagFileProcessor55 INFO - Processing file /Users/zhonghengli/Deep_Images_Hub/src/airflow/workspace/airflow_home/dags/Batch_Image_submissions.py for tasks to queue
[2018-10-13 08:52:36,365] {models.py:167} DagFileProcessor55 INFO - Filling up the DagBag from /Users/zhonghengli/Deep_Images_Hub/src/airflow/workspace/airflow_home/dags/Batch_Image_submissions.py
[2018-10-13 08:52:36,837] {jobs.py:1535} DagFileProcessor55 INFO - DAG(s) dict_keys(['latest_only', 'example_python_operator', 'test_utils', 'example_bash_operator', 'example_short_circuit_operator', 'example_branch_operator', 'tutorial', 'example_passing_params_via_test_command', 'latest_only_with_trigger', 'example_xcom', 'example_http_operator', 'example_skip_dag', 'example_trigger_target_dag', 'example_branch_dop_operator_v3', 'example_subdag_operator', 'example_subdag_operator.section-1', 'example_subdag_operator.section-2', 'example_trigger_controller_dag', 'Batch_image_submission_simulation']) retrieved from /Users/zhonghengli/Deep_Images_Hub/src/airflow/workspace/airflow_home/dags/Batch_Image_submissions.py
[2018-10-13 08:52:36,959] {models.py:322} DagFileProcessor55 INFO - Finding 'running' jobs without a recent heartbeat
[2018-10-13 08:52:36,960] {models.py:328} DagFileProcessor55 INFO - Failing jobs without heartbeat after 2018-10-13 08:47:36.960124
[2018-10-13 08:52:36,963] {jobs.py:351} DagFileProcessor55 INFO - Processing /Users/zhonghengli/Deep_Images_Hub/src/airflow/workspace/airflow_home/dags/Batch_Image_submissions.py took 0.605 seconds
[2018-10-13 08:52:43,398] {jobs.py:343} DagFileProcessor59 INFO - Started process (PID=78150) to work on /Users/zhonghengli/Deep_Images_Hub/src/airflow/workspace/airflow_home/dags/Batch_Image_submissions.py
[2018-10-13 08:52:43,404] {jobs.py:534} DagFileProcessor59 ERROR - Cannot use more than 1 thread when using sqlite. Setting max_threads to 1
[2018-10-13 08:52:43,405] {jobs.py:1521} DagFileProcessor59 INFO - Processing file /Users/zhonghengli/Deep_Images_Hub/src/airflow/workspace/airflow_home/dags/Batch_Image_submissions.py for tasks to queue
[2018-10-13 08:52:43,406] {models.py:167} DagFileProcessor59 INFO - Filling up the DagBag from /Users/zhonghengli/Deep_Images_Hub/src/airflow/workspace/airflow_home/dags/Batch_Image_submissions.py
[2018-10-13 08:52:43,920] {jobs.py:1535} DagFileProcessor59 INFO - DAG(s) dict_keys(['latest_only', 'example_python_operator', 'test_utils', 'example_bash_operator', 'example_short_circuit_operator', 'example_branch_operator', 'tutorial', 'example_passing_params_via_test_command', 'latest_only_with_trigger', 'example_xcom', 'example_http_operator', 'example_skip_dag', 'example_trigger_target_dag', 'example_branch_dop_operator_v3', 'example_subdag_operator', 'example_subdag_operator.section-1', 'example_subdag_operator.section-2', 'example_trigger_controller_dag', 'Batch_image_submission_simulation']) retrieved from /Users/zhonghengli/Deep_Images_Hub/src/airflow/workspace/airflow_home/dags/Batch_Image_submissions.py
[2018-10-13 08:52:44,043] {models.py:322} DagFileProcessor59 INFO - Finding 'running' jobs without a recent heartbeat
[2018-10-13 08:52:44,043] {models.py:328} DagFileProcessor59 INFO - Failing jobs without heartbeat after 2018-10-13 08:47:44.043620
[2018-10-13 08:52:44,047] {jobs.py:351} DagFileProcessor59 INFO - Processing /Users/zhonghengli/Deep_Images_Hub/src/airflow/workspace/airflow_home/dags/Batch_Image_submissions.py took 0.649 seconds
[2018-10-13 08:52:50,326] {jobs.py:343} DagFileProcessor63 INFO - Started process (PID=78154) to work on /Users/zhonghengli/Deep_Images_Hub/src/airflow/workspace/airflow_home/dags/Batch_Image_submissions.py
[2018-10-13 08:52:50,331] {jobs.py:534} DagFileProcessor63 ERROR - Cannot use more than 1 thread when using sqlite. Setting max_threads to 1
[2018-10-13 08:52:50,332] {jobs.py:1521} DagFileProcessor63 INFO - Processing file /Users/zhonghengli/Deep_Images_Hub/src/airflow/workspace/airflow_home/dags/Batch_Image_submissions.py for tasks to queue
[2018-10-13 08:52:50,333] {models.py:167} DagFileProcessor63 INFO - Filling up the DagBag from /Users/zhonghengli/Deep_Images_Hub/src/airflow/workspace/airflow_home/dags/Batch_Image_submissions.py
[2018-10-13 08:52:50,807] {jobs.py:1535} DagFileProcessor63 INFO - DAG(s) dict_keys(['latest_only', 'example_python_operator', 'test_utils', 'example_bash_operator', 'example_short_circuit_operator', 'example_branch_operator', 'tutorial', 'example_passing_params_via_test_command', 'latest_only_with_trigger', 'example_xcom', 'example_http_operator', 'example_skip_dag', 'example_trigger_target_dag', 'example_branch_dop_operator_v3', 'example_subdag_operator', 'example_subdag_operator.section-1', 'example_subdag_operator.section-2', 'example_trigger_controller_dag', 'Batch_image_submission_simulation']) retrieved from /Users/zhonghengli/Deep_Images_Hub/src/airflow/workspace/airflow_home/dags/Batch_Image_submissions.py
[2018-10-13 08:52:50,947] {models.py:322} DagFileProcessor63 INFO - Finding 'running' jobs without a recent heartbeat
[2018-10-13 08:52:50,948] {models.py:328} DagFileProcessor63 INFO - Failing jobs without heartbeat after 2018-10-13 08:47:50.948177
[2018-10-13 08:52:50,952] {jobs.py:351} DagFileProcessor63 INFO - Processing /Users/zhonghengli/Deep_Images_Hub/src/airflow/workspace/airflow_home/dags/Batch_Image_submissions.py took 0.626 seconds
[2018-10-13 08:52:57,254] {jobs.py:343} DagFileProcessor67 INFO - Started process (PID=78158) to work on /Users/zhonghengli/Deep_Images_Hub/src/airflow/workspace/airflow_home/dags/Batch_Image_submissions.py
[2018-10-13 08:52:57,259] {jobs.py:534} DagFileProcessor67 ERROR - Cannot use more than 1 thread when using sqlite. Setting max_threads to 1
[2018-10-13 08:52:57,260] {jobs.py:1521} DagFileProcessor67 INFO - Processing file /Users/zhonghengli/Deep_Images_Hub/src/airflow/workspace/airflow_home/dags/Batch_Image_submissions.py for tasks to queue
[2018-10-13 08:52:57,261] {models.py:167} DagFileProcessor67 INFO - Filling up the DagBag from /Users/zhonghengli/Deep_Images_Hub/src/airflow/workspace/airflow_home/dags/Batch_Image_submissions.py
[2018-10-13 08:52:58,072] {jobs.py:1535} DagFileProcessor67 INFO - DAG(s) dict_keys(['latest_only', 'example_python_operator', 'test_utils', 'example_bash_operator', 'example_short_circuit_operator', 'example_branch_operator', 'tutorial', 'example_passing_params_via_test_command', 'latest_only_with_trigger', 'example_xcom', 'example_http_operator', 'example_skip_dag', 'example_trigger_target_dag', 'example_branch_dop_operator_v3', 'example_subdag_operator', 'example_subdag_operator.section-1', 'example_subdag_operator.section-2', 'example_trigger_controller_dag', 'Batch_image_submission_simulation']) retrieved from /Users/zhonghengli/Deep_Images_Hub/src/airflow/workspace/airflow_home/dags/Batch_Image_submissions.py
[2018-10-13 08:52:58,200] {models.py:322} DagFileProcessor67 INFO - Finding 'running' jobs without a recent heartbeat
[2018-10-13 08:52:58,201] {models.py:328} DagFileProcessor67 INFO - Failing jobs without heartbeat after 2018-10-13 08:47:58.201078
[2018-10-13 08:52:58,204] {jobs.py:351} DagFileProcessor67 INFO - Processing /Users/zhonghengli/Deep_Images_Hub/src/airflow/workspace/airflow_home/dags/Batch_Image_submissions.py took 0.950 seconds
[2018-10-13 08:53:04,487] {jobs.py:343} DagFileProcessor71 INFO - Started process (PID=78162) to work on /Users/zhonghengli/Deep_Images_Hub/src/airflow/workspace/airflow_home/dags/Batch_Image_submissions.py
[2018-10-13 08:53:04,516] {jobs.py:534} DagFileProcessor71 ERROR - Cannot use more than 1 thread when using sqlite. Setting max_threads to 1
[2018-10-13 08:53:04,518] {jobs.py:1521} DagFileProcessor71 INFO - Processing file /Users/zhonghengli/Deep_Images_Hub/src/airflow/workspace/airflow_home/dags/Batch_Image_submissions.py for tasks to queue
[2018-10-13 08:53:04,518] {models.py:167} DagFileProcessor71 INFO - Filling up the DagBag from /Users/zhonghengli/Deep_Images_Hub/src/airflow/workspace/airflow_home/dags/Batch_Image_submissions.py
[2018-10-13 08:53:05,021] {jobs.py:1535} DagFileProcessor71 INFO - DAG(s) dict_keys(['latest_only', 'example_python_operator', 'test_utils', 'example_bash_operator', 'example_short_circuit_operator', 'example_branch_operator', 'tutorial', 'example_passing_params_via_test_command', 'latest_only_with_trigger', 'example_xcom', 'example_http_operator', 'example_skip_dag', 'example_trigger_target_dag', 'example_branch_dop_operator_v3', 'example_subdag_operator', 'example_subdag_operator.section-1', 'example_subdag_operator.section-2', 'example_trigger_controller_dag', 'Batch_image_submission_simulation']) retrieved from /Users/zhonghengli/Deep_Images_Hub/src/airflow/workspace/airflow_home/dags/Batch_Image_submissions.py
[2018-10-13 08:53:05,180] {models.py:322} DagFileProcessor71 INFO - Finding 'running' jobs without a recent heartbeat
[2018-10-13 08:53:05,181] {models.py:328} DagFileProcessor71 INFO - Failing jobs without heartbeat after 2018-10-13 08:48:05.180882
[2018-10-13 08:53:05,184] {jobs.py:351} DagFileProcessor71 INFO - Processing /Users/zhonghengli/Deep_Images_Hub/src/airflow/workspace/airflow_home/dags/Batch_Image_submissions.py took 0.697 seconds
[2018-10-13 08:53:11,931] {jobs.py:343} DagFileProcessor75 INFO - Started process (PID=78166) to work on /Users/zhonghengli/Deep_Images_Hub/src/airflow/workspace/airflow_home/dags/Batch_Image_submissions.py
[2018-10-13 08:53:11,935] {jobs.py:534} DagFileProcessor75 ERROR - Cannot use more than 1 thread when using sqlite. Setting max_threads to 1
[2018-10-13 08:53:11,936] {jobs.py:1521} DagFileProcessor75 INFO - Processing file /Users/zhonghengli/Deep_Images_Hub/src/airflow/workspace/airflow_home/dags/Batch_Image_submissions.py for tasks to queue
[2018-10-13 08:53:11,937] {models.py:167} DagFileProcessor75 INFO - Filling up the DagBag from /Users/zhonghengli/Deep_Images_Hub/src/airflow/workspace/airflow_home/dags/Batch_Image_submissions.py
[2018-10-13 08:53:12,397] {jobs.py:1535} DagFileProcessor75 INFO - DAG(s) dict_keys(['latest_only', 'example_python_operator', 'test_utils', 'example_bash_operator', 'example_short_circuit_operator', 'example_branch_operator', 'tutorial', 'example_passing_params_via_test_command', 'latest_only_with_trigger', 'example_xcom', 'example_http_operator', 'example_skip_dag', 'example_trigger_target_dag', 'example_branch_dop_operator_v3', 'example_subdag_operator', 'example_subdag_operator.section-1', 'example_subdag_operator.section-2', 'example_trigger_controller_dag', 'Batch_image_submission_simulation']) retrieved from /Users/zhonghengli/Deep_Images_Hub/src/airflow/workspace/airflow_home/dags/Batch_Image_submissions.py
[2018-10-13 08:53:12,522] {models.py:322} DagFileProcessor75 INFO - Finding 'running' jobs without a recent heartbeat
[2018-10-13 08:53:12,523] {models.py:328} DagFileProcessor75 INFO - Failing jobs without heartbeat after 2018-10-13 08:48:12.523222
[2018-10-13 08:53:12,526] {jobs.py:351} DagFileProcessor75 INFO - Processing /Users/zhonghengli/Deep_Images_Hub/src/airflow/workspace/airflow_home/dags/Batch_Image_submissions.py took 0.595 seconds
