[2018-10-13 08:50:43,746] {jobs.py:343} DagFileProcessor0 INFO - Started process (PID=78038) to work on /Users/zhonghengli/Deep_Images_Hub/src/airflow/workspace/airflow_home/dags/images_submission_simulation.py
[2018-10-13 08:50:43,751] {jobs.py:534} DagFileProcessor0 ERROR - Cannot use more than 1 thread when using sqlite. Setting max_threads to 1
[2018-10-13 08:50:43,753] {jobs.py:1521} DagFileProcessor0 INFO - Processing file /Users/zhonghengli/Deep_Images_Hub/src/airflow/workspace/airflow_home/dags/images_submission_simulation.py for tasks to queue
[2018-10-13 08:50:43,753] {models.py:167} DagFileProcessor0 INFO - Filling up the DagBag from /Users/zhonghengli/Deep_Images_Hub/src/airflow/workspace/airflow_home/dags/images_submission_simulation.py
/anaconda3/lib/python3.6/site-packages/airflow/utils/helpers.py:406: DeprecationWarning: Importing PythonOperator directly from <module 'airflow.operators' from '/anaconda3/lib/python3.6/site-packages/airflow/operators/__init__.py'> has been deprecated. Please import from '<module 'airflow.operators' from '/anaconda3/lib/python3.6/site-packages/airflow/operators/__init__.py'>.[operator_module]' instead. Support for direct imports will be dropped entirely in Airflow 2.0.
  DeprecationWarning)
[2018-10-13 08:50:44,253] {jobs.py:1535} DagFileProcessor0 INFO - DAG(s) dict_keys(['latest_only', 'example_python_operator', 'test_utils', 'example_bash_operator', 'example_short_circuit_operator', 'example_branch_operator', 'tutorial', 'example_passing_params_via_test_command', 'latest_only_with_trigger', 'example_xcom', 'example_http_operator', 'example_skip_dag', 'example_trigger_target_dag', 'example_branch_dop_operator_v3', 'example_subdag_operator', 'example_subdag_operator.section-1', 'example_subdag_operator.section-2', 'example_trigger_controller_dag', 'image_submission_simulation']) retrieved from /Users/zhonghengli/Deep_Images_Hub/src/airflow/workspace/airflow_home/dags/images_submission_simulation.py
[2018-10-13 08:50:44,405] {models.py:322} DagFileProcessor0 INFO - Finding 'running' jobs without a recent heartbeat
[2018-10-13 08:50:44,405] {models.py:328} DagFileProcessor0 INFO - Failing jobs without heartbeat after 2018-10-13 08:45:44.405761
[2018-10-13 08:50:44,410] {jobs.py:351} DagFileProcessor0 INFO - Processing /Users/zhonghengli/Deep_Images_Hub/src/airflow/workspace/airflow_home/dags/images_submission_simulation.py took 0.665 seconds
[2018-10-13 08:50:50,554] {jobs.py:343} DagFileProcessor4 INFO - Started process (PID=78042) to work on /Users/zhonghengli/Deep_Images_Hub/src/airflow/workspace/airflow_home/dags/images_submission_simulation.py
[2018-10-13 08:50:50,559] {jobs.py:534} DagFileProcessor4 ERROR - Cannot use more than 1 thread when using sqlite. Setting max_threads to 1
[2018-10-13 08:50:50,560] {jobs.py:1521} DagFileProcessor4 INFO - Processing file /Users/zhonghengli/Deep_Images_Hub/src/airflow/workspace/airflow_home/dags/images_submission_simulation.py for tasks to queue
[2018-10-13 08:50:50,560] {models.py:167} DagFileProcessor4 INFO - Filling up the DagBag from /Users/zhonghengli/Deep_Images_Hub/src/airflow/workspace/airflow_home/dags/images_submission_simulation.py
/anaconda3/lib/python3.6/site-packages/airflow/utils/helpers.py:406: DeprecationWarning: Importing PythonOperator directly from <module 'airflow.operators' from '/anaconda3/lib/python3.6/site-packages/airflow/operators/__init__.py'> has been deprecated. Please import from '<module 'airflow.operators' from '/anaconda3/lib/python3.6/site-packages/airflow/operators/__init__.py'>.[operator_module]' instead. Support for direct imports will be dropped entirely in Airflow 2.0.
  DeprecationWarning)
[2018-10-13 08:50:51,019] {jobs.py:1535} DagFileProcessor4 INFO - DAG(s) dict_keys(['latest_only', 'example_python_operator', 'test_utils', 'example_bash_operator', 'example_short_circuit_operator', 'example_branch_operator', 'tutorial', 'example_passing_params_via_test_command', 'latest_only_with_trigger', 'example_xcom', 'example_http_operator', 'example_skip_dag', 'example_trigger_target_dag', 'example_branch_dop_operator_v3', 'example_subdag_operator', 'example_subdag_operator.section-1', 'example_subdag_operator.section-2', 'example_trigger_controller_dag', 'image_submission_simulation']) retrieved from /Users/zhonghengli/Deep_Images_Hub/src/airflow/workspace/airflow_home/dags/images_submission_simulation.py
[2018-10-13 08:50:51,149] {models.py:322} DagFileProcessor4 INFO - Finding 'running' jobs without a recent heartbeat
[2018-10-13 08:50:51,149] {models.py:328} DagFileProcessor4 INFO - Failing jobs without heartbeat after 2018-10-13 08:45:51.149669
[2018-10-13 08:50:51,154] {jobs.py:351} DagFileProcessor4 INFO - Processing /Users/zhonghengli/Deep_Images_Hub/src/airflow/workspace/airflow_home/dags/images_submission_simulation.py took 0.600 seconds
[2018-10-13 08:50:57,575] {jobs.py:343} DagFileProcessor8 INFO - Started process (PID=78046) to work on /Users/zhonghengli/Deep_Images_Hub/src/airflow/workspace/airflow_home/dags/images_submission_simulation.py
[2018-10-13 08:50:57,580] {jobs.py:534} DagFileProcessor8 ERROR - Cannot use more than 1 thread when using sqlite. Setting max_threads to 1
[2018-10-13 08:50:57,581] {jobs.py:1521} DagFileProcessor8 INFO - Processing file /Users/zhonghengli/Deep_Images_Hub/src/airflow/workspace/airflow_home/dags/images_submission_simulation.py for tasks to queue
[2018-10-13 08:50:57,582] {models.py:167} DagFileProcessor8 INFO - Filling up the DagBag from /Users/zhonghengli/Deep_Images_Hub/src/airflow/workspace/airflow_home/dags/images_submission_simulation.py
/anaconda3/lib/python3.6/site-packages/airflow/utils/helpers.py:406: DeprecationWarning: Importing PythonOperator directly from <module 'airflow.operators' from '/anaconda3/lib/python3.6/site-packages/airflow/operators/__init__.py'> has been deprecated. Please import from '<module 'airflow.operators' from '/anaconda3/lib/python3.6/site-packages/airflow/operators/__init__.py'>.[operator_module]' instead. Support for direct imports will be dropped entirely in Airflow 2.0.
  DeprecationWarning)
[2018-10-13 08:50:58,031] {jobs.py:1535} DagFileProcessor8 INFO - DAG(s) dict_keys(['latest_only', 'example_python_operator', 'test_utils', 'example_bash_operator', 'example_short_circuit_operator', 'example_branch_operator', 'tutorial', 'example_passing_params_via_test_command', 'latest_only_with_trigger', 'example_xcom', 'example_http_operator', 'example_skip_dag', 'example_trigger_target_dag', 'example_branch_dop_operator_v3', 'example_subdag_operator', 'example_subdag_operator.section-1', 'example_subdag_operator.section-2', 'example_trigger_controller_dag', 'image_submission_simulation']) retrieved from /Users/zhonghengli/Deep_Images_Hub/src/airflow/workspace/airflow_home/dags/images_submission_simulation.py
[2018-10-13 08:50:58,193] {models.py:322} DagFileProcessor8 INFO - Finding 'running' jobs without a recent heartbeat
[2018-10-13 08:50:58,194] {models.py:328} DagFileProcessor8 INFO - Failing jobs without heartbeat after 2018-10-13 08:45:58.194395
[2018-10-13 08:50:58,198] {jobs.py:351} DagFileProcessor8 INFO - Processing /Users/zhonghengli/Deep_Images_Hub/src/airflow/workspace/airflow_home/dags/images_submission_simulation.py took 0.623 seconds
[2018-10-13 08:51:04,932] {jobs.py:343} DagFileProcessor12 INFO - Started process (PID=78050) to work on /Users/zhonghengli/Deep_Images_Hub/src/airflow/workspace/airflow_home/dags/images_submission_simulation.py
[2018-10-13 08:51:04,937] {jobs.py:534} DagFileProcessor12 ERROR - Cannot use more than 1 thread when using sqlite. Setting max_threads to 1
[2018-10-13 08:51:04,938] {jobs.py:1521} DagFileProcessor12 INFO - Processing file /Users/zhonghengli/Deep_Images_Hub/src/airflow/workspace/airflow_home/dags/images_submission_simulation.py for tasks to queue
[2018-10-13 08:51:04,939] {models.py:167} DagFileProcessor12 INFO - Filling up the DagBag from /Users/zhonghengli/Deep_Images_Hub/src/airflow/workspace/airflow_home/dags/images_submission_simulation.py
/anaconda3/lib/python3.6/site-packages/airflow/utils/helpers.py:406: DeprecationWarning: Importing PythonOperator directly from <module 'airflow.operators' from '/anaconda3/lib/python3.6/site-packages/airflow/operators/__init__.py'> has been deprecated. Please import from '<module 'airflow.operators' from '/anaconda3/lib/python3.6/site-packages/airflow/operators/__init__.py'>.[operator_module]' instead. Support for direct imports will be dropped entirely in Airflow 2.0.
  DeprecationWarning)
[2018-10-13 08:51:05,417] {jobs.py:1535} DagFileProcessor12 INFO - DAG(s) dict_keys(['latest_only', 'example_python_operator', 'test_utils', 'example_bash_operator', 'example_short_circuit_operator', 'example_branch_operator', 'tutorial', 'example_passing_params_via_test_command', 'latest_only_with_trigger', 'example_xcom', 'example_http_operator', 'example_skip_dag', 'example_trigger_target_dag', 'example_branch_dop_operator_v3', 'example_subdag_operator', 'example_subdag_operator.section-1', 'example_subdag_operator.section-2', 'example_trigger_controller_dag', 'image_submission_simulation']) retrieved from /Users/zhonghengli/Deep_Images_Hub/src/airflow/workspace/airflow_home/dags/images_submission_simulation.py
[2018-10-13 08:51:05,572] {models.py:322} DagFileProcessor12 INFO - Finding 'running' jobs without a recent heartbeat
[2018-10-13 08:51:05,573] {models.py:328} DagFileProcessor12 INFO - Failing jobs without heartbeat after 2018-10-13 08:46:05.572860
[2018-10-13 08:51:05,576] {jobs.py:351} DagFileProcessor12 INFO - Processing /Users/zhonghengli/Deep_Images_Hub/src/airflow/workspace/airflow_home/dags/images_submission_simulation.py took 0.644 seconds
[2018-10-13 08:51:18,580] {jobs.py:343} DagFileProcessor16 INFO - Started process (PID=78057) to work on /Users/zhonghengli/Deep_Images_Hub/src/airflow/workspace/airflow_home/dags/images_submission_simulation.py
[2018-10-13 08:51:18,586] {jobs.py:534} DagFileProcessor16 ERROR - Cannot use more than 1 thread when using sqlite. Setting max_threads to 1
[2018-10-13 08:51:18,587] {jobs.py:1521} DagFileProcessor16 INFO - Processing file /Users/zhonghengli/Deep_Images_Hub/src/airflow/workspace/airflow_home/dags/images_submission_simulation.py for tasks to queue
[2018-10-13 08:51:18,588] {models.py:167} DagFileProcessor16 INFO - Filling up the DagBag from /Users/zhonghengli/Deep_Images_Hub/src/airflow/workspace/airflow_home/dags/images_submission_simulation.py
/anaconda3/lib/python3.6/site-packages/airflow/utils/helpers.py:406: DeprecationWarning: Importing PythonOperator directly from <module 'airflow.operators' from '/anaconda3/lib/python3.6/site-packages/airflow/operators/__init__.py'> has been deprecated. Please import from '<module 'airflow.operators' from '/anaconda3/lib/python3.6/site-packages/airflow/operators/__init__.py'>.[operator_module]' instead. Support for direct imports will be dropped entirely in Airflow 2.0.
  DeprecationWarning)
[2018-10-13 08:51:19,630] {jobs.py:1535} DagFileProcessor16 INFO - DAG(s) dict_keys(['latest_only', 'example_python_operator', 'test_utils', 'example_bash_operator', 'example_short_circuit_operator', 'example_branch_operator', 'tutorial', 'example_passing_params_via_test_command', 'latest_only_with_trigger', 'example_xcom', 'example_http_operator', 'example_skip_dag', 'example_trigger_target_dag', 'example_branch_dop_operator_v3', 'example_subdag_operator', 'example_subdag_operator.section-1', 'example_subdag_operator.section-2', 'example_trigger_controller_dag', 'image_submission_simulation']) retrieved from /Users/zhonghengli/Deep_Images_Hub/src/airflow/workspace/airflow_home/dags/images_submission_simulation.py
[2018-10-13 08:51:19,884] {models.py:322} DagFileProcessor16 INFO - Finding 'running' jobs without a recent heartbeat
[2018-10-13 08:51:19,885] {models.py:328} DagFileProcessor16 INFO - Failing jobs without heartbeat after 2018-10-13 08:46:19.884856
[2018-10-13 08:51:19,891] {jobs.py:351} DagFileProcessor16 INFO - Processing /Users/zhonghengli/Deep_Images_Hub/src/airflow/workspace/airflow_home/dags/images_submission_simulation.py took 1.312 seconds
[2018-10-13 08:51:32,907] {jobs.py:343} DagFileProcessor20 INFO - Started process (PID=78093) to work on /Users/zhonghengli/Deep_Images_Hub/src/airflow/workspace/airflow_home/dags/images_submission_simulation.py
[2018-10-13 08:51:32,916] {jobs.py:534} DagFileProcessor20 ERROR - Cannot use more than 1 thread when using sqlite. Setting max_threads to 1
[2018-10-13 08:51:32,917] {jobs.py:1521} DagFileProcessor20 INFO - Processing file /Users/zhonghengli/Deep_Images_Hub/src/airflow/workspace/airflow_home/dags/images_submission_simulation.py for tasks to queue
[2018-10-13 08:51:32,918] {models.py:167} DagFileProcessor20 INFO - Filling up the DagBag from /Users/zhonghengli/Deep_Images_Hub/src/airflow/workspace/airflow_home/dags/images_submission_simulation.py
/anaconda3/lib/python3.6/site-packages/airflow/utils/helpers.py:406: DeprecationWarning: Importing PythonOperator directly from <module 'airflow.operators' from '/anaconda3/lib/python3.6/site-packages/airflow/operators/__init__.py'> has been deprecated. Please import from '<module 'airflow.operators' from '/anaconda3/lib/python3.6/site-packages/airflow/operators/__init__.py'>.[operator_module]' instead. Support for direct imports will be dropped entirely in Airflow 2.0.
  DeprecationWarning)
[2018-10-13 08:51:33,370] {jobs.py:1535} DagFileProcessor20 INFO - DAG(s) dict_keys(['latest_only', 'example_python_operator', 'test_utils', 'example_bash_operator', 'example_short_circuit_operator', 'example_branch_operator', 'tutorial', 'example_passing_params_via_test_command', 'latest_only_with_trigger', 'example_xcom', 'example_http_operator', 'example_skip_dag', 'example_trigger_target_dag', 'example_branch_dop_operator_v3', 'example_subdag_operator', 'example_subdag_operator.section-1', 'example_subdag_operator.section-2', 'example_trigger_controller_dag', 'image_submission_simulation']) retrieved from /Users/zhonghengli/Deep_Images_Hub/src/airflow/workspace/airflow_home/dags/images_submission_simulation.py
[2018-10-13 08:51:33,556] {models.py:322} DagFileProcessor20 INFO - Finding 'running' jobs without a recent heartbeat
[2018-10-13 08:51:33,557] {models.py:328} DagFileProcessor20 INFO - Failing jobs without heartbeat after 2018-10-13 08:46:33.557029
[2018-10-13 08:51:33,560] {jobs.py:351} DagFileProcessor20 INFO - Processing /Users/zhonghengli/Deep_Images_Hub/src/airflow/workspace/airflow_home/dags/images_submission_simulation.py took 0.653 seconds
[2018-10-13 08:51:40,154] {jobs.py:343} DagFileProcessor24 INFO - Started process (PID=78097) to work on /Users/zhonghengli/Deep_Images_Hub/src/airflow/workspace/airflow_home/dags/images_submission_simulation.py
[2018-10-13 08:51:40,160] {jobs.py:534} DagFileProcessor24 ERROR - Cannot use more than 1 thread when using sqlite. Setting max_threads to 1
[2018-10-13 08:51:40,161] {jobs.py:1521} DagFileProcessor24 INFO - Processing file /Users/zhonghengli/Deep_Images_Hub/src/airflow/workspace/airflow_home/dags/images_submission_simulation.py for tasks to queue
[2018-10-13 08:51:40,162] {models.py:167} DagFileProcessor24 INFO - Filling up the DagBag from /Users/zhonghengli/Deep_Images_Hub/src/airflow/workspace/airflow_home/dags/images_submission_simulation.py
/anaconda3/lib/python3.6/site-packages/airflow/utils/helpers.py:406: DeprecationWarning: Importing PythonOperator directly from <module 'airflow.operators' from '/anaconda3/lib/python3.6/site-packages/airflow/operators/__init__.py'> has been deprecated. Please import from '<module 'airflow.operators' from '/anaconda3/lib/python3.6/site-packages/airflow/operators/__init__.py'>.[operator_module]' instead. Support for direct imports will be dropped entirely in Airflow 2.0.
  DeprecationWarning)
[2018-10-13 08:51:40,770] {jobs.py:1535} DagFileProcessor24 INFO - DAG(s) dict_keys(['latest_only', 'example_python_operator', 'test_utils', 'example_bash_operator', 'example_short_circuit_operator', 'example_branch_operator', 'tutorial', 'example_passing_params_via_test_command', 'latest_only_with_trigger', 'example_xcom', 'example_http_operator', 'example_skip_dag', 'example_trigger_target_dag', 'example_branch_dop_operator_v3', 'example_subdag_operator', 'example_subdag_operator.section-1', 'example_subdag_operator.section-2', 'example_trigger_controller_dag', 'image_submission_simulation']) retrieved from /Users/zhonghengli/Deep_Images_Hub/src/airflow/workspace/airflow_home/dags/images_submission_simulation.py
[2018-10-13 08:51:41,058] {models.py:322} DagFileProcessor24 INFO - Finding 'running' jobs without a recent heartbeat
[2018-10-13 08:51:41,059] {models.py:328} DagFileProcessor24 INFO - Failing jobs without heartbeat after 2018-10-13 08:46:41.058883
[2018-10-13 08:51:41,066] {jobs.py:351} DagFileProcessor24 INFO - Processing /Users/zhonghengli/Deep_Images_Hub/src/airflow/workspace/airflow_home/dags/images_submission_simulation.py took 0.912 seconds
[2018-10-13 08:51:47,716] {jobs.py:343} DagFileProcessor28 INFO - Started process (PID=78101) to work on /Users/zhonghengli/Deep_Images_Hub/src/airflow/workspace/airflow_home/dags/images_submission_simulation.py
[2018-10-13 08:51:47,721] {jobs.py:534} DagFileProcessor28 ERROR - Cannot use more than 1 thread when using sqlite. Setting max_threads to 1
[2018-10-13 08:51:47,723] {jobs.py:1521} DagFileProcessor28 INFO - Processing file /Users/zhonghengli/Deep_Images_Hub/src/airflow/workspace/airflow_home/dags/images_submission_simulation.py for tasks to queue
[2018-10-13 08:51:47,723] {models.py:167} DagFileProcessor28 INFO - Filling up the DagBag from /Users/zhonghengli/Deep_Images_Hub/src/airflow/workspace/airflow_home/dags/images_submission_simulation.py
/anaconda3/lib/python3.6/site-packages/airflow/utils/helpers.py:406: DeprecationWarning: Importing PythonOperator directly from <module 'airflow.operators' from '/anaconda3/lib/python3.6/site-packages/airflow/operators/__init__.py'> has been deprecated. Please import from '<module 'airflow.operators' from '/anaconda3/lib/python3.6/site-packages/airflow/operators/__init__.py'>.[operator_module]' instead. Support for direct imports will be dropped entirely in Airflow 2.0.
  DeprecationWarning)
[2018-10-13 08:51:48,207] {jobs.py:1535} DagFileProcessor28 INFO - DAG(s) dict_keys(['latest_only', 'example_python_operator', 'test_utils', 'example_bash_operator', 'example_short_circuit_operator', 'example_branch_operator', 'tutorial', 'example_passing_params_via_test_command', 'latest_only_with_trigger', 'example_xcom', 'example_http_operator', 'example_skip_dag', 'example_trigger_target_dag', 'example_branch_dop_operator_v3', 'example_subdag_operator', 'example_subdag_operator.section-1', 'example_subdag_operator.section-2', 'example_trigger_controller_dag', 'image_submission_simulation']) retrieved from /Users/zhonghengli/Deep_Images_Hub/src/airflow/workspace/airflow_home/dags/images_submission_simulation.py
[2018-10-13 08:51:48,463] {models.py:322} DagFileProcessor28 INFO - Finding 'running' jobs without a recent heartbeat
[2018-10-13 08:51:48,469] {models.py:328} DagFileProcessor28 INFO - Failing jobs without heartbeat after 2018-10-13 08:46:48.469042
[2018-10-13 08:51:48,476] {jobs.py:351} DagFileProcessor28 INFO - Processing /Users/zhonghengli/Deep_Images_Hub/src/airflow/workspace/airflow_home/dags/images_submission_simulation.py took 0.760 seconds
[2018-10-13 08:51:54,764] {jobs.py:343} DagFileProcessor32 INFO - Started process (PID=78105) to work on /Users/zhonghengli/Deep_Images_Hub/src/airflow/workspace/airflow_home/dags/images_submission_simulation.py
[2018-10-13 08:51:54,769] {jobs.py:534} DagFileProcessor32 ERROR - Cannot use more than 1 thread when using sqlite. Setting max_threads to 1
[2018-10-13 08:51:54,770] {jobs.py:1521} DagFileProcessor32 INFO - Processing file /Users/zhonghengli/Deep_Images_Hub/src/airflow/workspace/airflow_home/dags/images_submission_simulation.py for tasks to queue
[2018-10-13 08:51:54,771] {models.py:167} DagFileProcessor32 INFO - Filling up the DagBag from /Users/zhonghengli/Deep_Images_Hub/src/airflow/workspace/airflow_home/dags/images_submission_simulation.py
/anaconda3/lib/python3.6/site-packages/airflow/utils/helpers.py:406: DeprecationWarning: Importing PythonOperator directly from <module 'airflow.operators' from '/anaconda3/lib/python3.6/site-packages/airflow/operators/__init__.py'> has been deprecated. Please import from '<module 'airflow.operators' from '/anaconda3/lib/python3.6/site-packages/airflow/operators/__init__.py'>.[operator_module]' instead. Support for direct imports will be dropped entirely in Airflow 2.0.
  DeprecationWarning)
[2018-10-13 08:51:55,201] {jobs.py:1535} DagFileProcessor32 INFO - DAG(s) dict_keys(['latest_only', 'example_python_operator', 'test_utils', 'example_bash_operator', 'example_short_circuit_operator', 'example_branch_operator', 'tutorial', 'example_passing_params_via_test_command', 'latest_only_with_trigger', 'example_xcom', 'example_http_operator', 'example_skip_dag', 'example_trigger_target_dag', 'example_branch_dop_operator_v3', 'example_subdag_operator', 'example_subdag_operator.section-1', 'example_subdag_operator.section-2', 'example_trigger_controller_dag', 'image_submission_simulation']) retrieved from /Users/zhonghengli/Deep_Images_Hub/src/airflow/workspace/airflow_home/dags/images_submission_simulation.py
[2018-10-13 08:51:55,413] {models.py:322} DagFileProcessor32 INFO - Finding 'running' jobs without a recent heartbeat
[2018-10-13 08:51:55,413] {models.py:328} DagFileProcessor32 INFO - Failing jobs without heartbeat after 2018-10-13 08:46:55.413510
[2018-10-13 08:51:55,417] {jobs.py:351} DagFileProcessor32 INFO - Processing /Users/zhonghengli/Deep_Images_Hub/src/airflow/workspace/airflow_home/dags/images_submission_simulation.py took 0.652 seconds
[2018-10-13 08:52:02,220] {jobs.py:343} DagFileProcessor36 INFO - Started process (PID=78109) to work on /Users/zhonghengli/Deep_Images_Hub/src/airflow/workspace/airflow_home/dags/images_submission_simulation.py
[2018-10-13 08:52:02,225] {jobs.py:534} DagFileProcessor36 ERROR - Cannot use more than 1 thread when using sqlite. Setting max_threads to 1
[2018-10-13 08:52:02,226] {jobs.py:1521} DagFileProcessor36 INFO - Processing file /Users/zhonghengli/Deep_Images_Hub/src/airflow/workspace/airflow_home/dags/images_submission_simulation.py for tasks to queue
[2018-10-13 08:52:02,226] {models.py:167} DagFileProcessor36 INFO - Filling up the DagBag from /Users/zhonghengli/Deep_Images_Hub/src/airflow/workspace/airflow_home/dags/images_submission_simulation.py
/anaconda3/lib/python3.6/site-packages/airflow/utils/helpers.py:406: DeprecationWarning: Importing PythonOperator directly from <module 'airflow.operators' from '/anaconda3/lib/python3.6/site-packages/airflow/operators/__init__.py'> has been deprecated. Please import from '<module 'airflow.operators' from '/anaconda3/lib/python3.6/site-packages/airflow/operators/__init__.py'>.[operator_module]' instead. Support for direct imports will be dropped entirely in Airflow 2.0.
  DeprecationWarning)
[2018-10-13 08:52:02,790] {jobs.py:1535} DagFileProcessor36 INFO - DAG(s) dict_keys(['latest_only', 'example_python_operator', 'test_utils', 'example_bash_operator', 'example_short_circuit_operator', 'example_branch_operator', 'tutorial', 'example_passing_params_via_test_command', 'latest_only_with_trigger', 'example_xcom', 'example_http_operator', 'example_skip_dag', 'example_trigger_target_dag', 'example_branch_dop_operator_v3', 'example_subdag_operator', 'example_subdag_operator.section-1', 'example_subdag_operator.section-2', 'example_trigger_controller_dag', 'image_submission_simulation']) retrieved from /Users/zhonghengli/Deep_Images_Hub/src/airflow/workspace/airflow_home/dags/images_submission_simulation.py
[2018-10-13 08:52:03,076] {models.py:322} DagFileProcessor36 INFO - Finding 'running' jobs without a recent heartbeat
[2018-10-13 08:52:03,078] {models.py:328} DagFileProcessor36 INFO - Failing jobs without heartbeat after 2018-10-13 08:47:03.077605
[2018-10-13 08:52:03,086] {jobs.py:351} DagFileProcessor36 INFO - Processing /Users/zhonghengli/Deep_Images_Hub/src/airflow/workspace/airflow_home/dags/images_submission_simulation.py took 0.866 seconds
[2018-10-13 08:52:09,632] {jobs.py:343} DagFileProcessor40 INFO - Started process (PID=78120) to work on /Users/zhonghengli/Deep_Images_Hub/src/airflow/workspace/airflow_home/dags/images_submission_simulation.py
[2018-10-13 08:52:09,637] {jobs.py:534} DagFileProcessor40 ERROR - Cannot use more than 1 thread when using sqlite. Setting max_threads to 1
[2018-10-13 08:52:09,638] {jobs.py:1521} DagFileProcessor40 INFO - Processing file /Users/zhonghengli/Deep_Images_Hub/src/airflow/workspace/airflow_home/dags/images_submission_simulation.py for tasks to queue
[2018-10-13 08:52:09,638] {models.py:167} DagFileProcessor40 INFO - Filling up the DagBag from /Users/zhonghengli/Deep_Images_Hub/src/airflow/workspace/airflow_home/dags/images_submission_simulation.py
/anaconda3/lib/python3.6/site-packages/airflow/utils/helpers.py:406: DeprecationWarning: Importing PythonOperator directly from <module 'airflow.operators' from '/anaconda3/lib/python3.6/site-packages/airflow/operators/__init__.py'> has been deprecated. Please import from '<module 'airflow.operators' from '/anaconda3/lib/python3.6/site-packages/airflow/operators/__init__.py'>.[operator_module]' instead. Support for direct imports will be dropped entirely in Airflow 2.0.
  DeprecationWarning)
[2018-10-13 08:52:10,100] {jobs.py:1535} DagFileProcessor40 INFO - DAG(s) dict_keys(['latest_only', 'example_python_operator', 'test_utils', 'example_bash_operator', 'example_short_circuit_operator', 'example_branch_operator', 'tutorial', 'example_passing_params_via_test_command', 'latest_only_with_trigger', 'example_xcom', 'example_http_operator', 'example_skip_dag', 'example_trigger_target_dag', 'example_branch_dop_operator_v3', 'example_subdag_operator', 'example_subdag_operator.section-1', 'example_subdag_operator.section-2', 'example_trigger_controller_dag', 'image_submission_simulation']) retrieved from /Users/zhonghengli/Deep_Images_Hub/src/airflow/workspace/airflow_home/dags/images_submission_simulation.py
[2018-10-13 08:52:10,296] {models.py:322} DagFileProcessor40 INFO - Finding 'running' jobs without a recent heartbeat
[2018-10-13 08:52:10,296] {models.py:328} DagFileProcessor40 INFO - Failing jobs without heartbeat after 2018-10-13 08:47:10.296748
[2018-10-13 08:52:10,300] {jobs.py:351} DagFileProcessor40 INFO - Processing /Users/zhonghengli/Deep_Images_Hub/src/airflow/workspace/airflow_home/dags/images_submission_simulation.py took 0.668 seconds
[2018-10-13 08:52:16,578] {jobs.py:343} DagFileProcessor44 INFO - Started process (PID=78124) to work on /Users/zhonghengli/Deep_Images_Hub/src/airflow/workspace/airflow_home/dags/images_submission_simulation.py
[2018-10-13 08:52:16,583] {jobs.py:534} DagFileProcessor44 ERROR - Cannot use more than 1 thread when using sqlite. Setting max_threads to 1
[2018-10-13 08:52:16,585] {jobs.py:1521} DagFileProcessor44 INFO - Processing file /Users/zhonghengli/Deep_Images_Hub/src/airflow/workspace/airflow_home/dags/images_submission_simulation.py for tasks to queue
[2018-10-13 08:52:16,585] {models.py:167} DagFileProcessor44 INFO - Filling up the DagBag from /Users/zhonghengli/Deep_Images_Hub/src/airflow/workspace/airflow_home/dags/images_submission_simulation.py
/anaconda3/lib/python3.6/site-packages/airflow/utils/helpers.py:406: DeprecationWarning: Importing PythonOperator directly from <module 'airflow.operators' from '/anaconda3/lib/python3.6/site-packages/airflow/operators/__init__.py'> has been deprecated. Please import from '<module 'airflow.operators' from '/anaconda3/lib/python3.6/site-packages/airflow/operators/__init__.py'>.[operator_module]' instead. Support for direct imports will be dropped entirely in Airflow 2.0.
  DeprecationWarning)
[2018-10-13 08:52:17,157] {jobs.py:1535} DagFileProcessor44 INFO - DAG(s) dict_keys(['latest_only', 'example_python_operator', 'test_utils', 'example_bash_operator', 'example_short_circuit_operator', 'example_branch_operator', 'tutorial', 'example_passing_params_via_test_command', 'latest_only_with_trigger', 'example_xcom', 'example_http_operator', 'example_skip_dag', 'example_trigger_target_dag', 'example_branch_dop_operator_v3', 'example_subdag_operator', 'example_subdag_operator.section-1', 'example_subdag_operator.section-2', 'example_trigger_controller_dag', 'image_submission_simulation']) retrieved from /Users/zhonghengli/Deep_Images_Hub/src/airflow/workspace/airflow_home/dags/images_submission_simulation.py
[2018-10-13 08:52:17,366] {models.py:322} DagFileProcessor44 INFO - Finding 'running' jobs without a recent heartbeat
[2018-10-13 08:52:17,367] {models.py:328} DagFileProcessor44 INFO - Failing jobs without heartbeat after 2018-10-13 08:47:17.366835
[2018-10-13 08:52:17,370] {jobs.py:351} DagFileProcessor44 INFO - Processing /Users/zhonghengli/Deep_Images_Hub/src/airflow/workspace/airflow_home/dags/images_submission_simulation.py took 0.792 seconds
[2018-10-13 08:52:23,928] {jobs.py:343} DagFileProcessor48 INFO - Started process (PID=78128) to work on /Users/zhonghengli/Deep_Images_Hub/src/airflow/workspace/airflow_home/dags/images_submission_simulation.py
[2018-10-13 08:52:23,932] {jobs.py:534} DagFileProcessor48 ERROR - Cannot use more than 1 thread when using sqlite. Setting max_threads to 1
[2018-10-13 08:52:23,933] {jobs.py:1521} DagFileProcessor48 INFO - Processing file /Users/zhonghengli/Deep_Images_Hub/src/airflow/workspace/airflow_home/dags/images_submission_simulation.py for tasks to queue
[2018-10-13 08:52:23,933] {models.py:167} DagFileProcessor48 INFO - Filling up the DagBag from /Users/zhonghengli/Deep_Images_Hub/src/airflow/workspace/airflow_home/dags/images_submission_simulation.py
/anaconda3/lib/python3.6/site-packages/airflow/utils/helpers.py:406: DeprecationWarning: Importing PythonOperator directly from <module 'airflow.operators' from '/anaconda3/lib/python3.6/site-packages/airflow/operators/__init__.py'> has been deprecated. Please import from '<module 'airflow.operators' from '/anaconda3/lib/python3.6/site-packages/airflow/operators/__init__.py'>.[operator_module]' instead. Support for direct imports will be dropped entirely in Airflow 2.0.
  DeprecationWarning)
[2018-10-13 08:52:24,402] {jobs.py:1535} DagFileProcessor48 INFO - DAG(s) dict_keys(['latest_only', 'example_python_operator', 'test_utils', 'example_bash_operator', 'example_short_circuit_operator', 'example_branch_operator', 'tutorial', 'example_passing_params_via_test_command', 'latest_only_with_trigger', 'example_xcom', 'example_http_operator', 'example_skip_dag', 'example_trigger_target_dag', 'example_branch_dop_operator_v3', 'example_subdag_operator', 'example_subdag_operator.section-1', 'example_subdag_operator.section-2', 'example_trigger_controller_dag', 'image_submission_simulation']) retrieved from /Users/zhonghengli/Deep_Images_Hub/src/airflow/workspace/airflow_home/dags/images_submission_simulation.py
[2018-10-13 08:52:24,555] {models.py:322} DagFileProcessor48 INFO - Finding 'running' jobs without a recent heartbeat
[2018-10-13 08:52:24,555] {models.py:328} DagFileProcessor48 INFO - Failing jobs without heartbeat after 2018-10-13 08:47:24.555444
[2018-10-13 08:52:24,559] {jobs.py:351} DagFileProcessor48 INFO - Processing /Users/zhonghengli/Deep_Images_Hub/src/airflow/workspace/airflow_home/dags/images_submission_simulation.py took 0.631 seconds
[2018-10-13 08:52:31,159] {jobs.py:343} DagFileProcessor52 INFO - Started process (PID=78132) to work on /Users/zhonghengli/Deep_Images_Hub/src/airflow/workspace/airflow_home/dags/images_submission_simulation.py
[2018-10-13 08:52:31,164] {jobs.py:534} DagFileProcessor52 ERROR - Cannot use more than 1 thread when using sqlite. Setting max_threads to 1
[2018-10-13 08:52:31,165] {jobs.py:1521} DagFileProcessor52 INFO - Processing file /Users/zhonghengli/Deep_Images_Hub/src/airflow/workspace/airflow_home/dags/images_submission_simulation.py for tasks to queue
[2018-10-13 08:52:31,166] {models.py:167} DagFileProcessor52 INFO - Filling up the DagBag from /Users/zhonghengli/Deep_Images_Hub/src/airflow/workspace/airflow_home/dags/images_submission_simulation.py
/anaconda3/lib/python3.6/site-packages/airflow/utils/helpers.py:406: DeprecationWarning: Importing PythonOperator directly from <module 'airflow.operators' from '/anaconda3/lib/python3.6/site-packages/airflow/operators/__init__.py'> has been deprecated. Please import from '<module 'airflow.operators' from '/anaconda3/lib/python3.6/site-packages/airflow/operators/__init__.py'>.[operator_module]' instead. Support for direct imports will be dropped entirely in Airflow 2.0.
  DeprecationWarning)
[2018-10-13 08:52:31,713] {jobs.py:1535} DagFileProcessor52 INFO - DAG(s) dict_keys(['latest_only', 'example_python_operator', 'test_utils', 'example_bash_operator', 'example_short_circuit_operator', 'example_branch_operator', 'tutorial', 'example_passing_params_via_test_command', 'latest_only_with_trigger', 'example_xcom', 'example_http_operator', 'example_skip_dag', 'example_trigger_target_dag', 'example_branch_dop_operator_v3', 'example_subdag_operator', 'example_subdag_operator.section-1', 'example_subdag_operator.section-2', 'example_trigger_controller_dag', 'image_submission_simulation']) retrieved from /Users/zhonghengli/Deep_Images_Hub/src/airflow/workspace/airflow_home/dags/images_submission_simulation.py
[2018-10-13 08:52:31,866] {models.py:322} DagFileProcessor52 INFO - Finding 'running' jobs without a recent heartbeat
[2018-10-13 08:52:31,866] {models.py:328} DagFileProcessor52 INFO - Failing jobs without heartbeat after 2018-10-13 08:47:31.866583
[2018-10-13 08:52:31,869] {jobs.py:351} DagFileProcessor52 INFO - Processing /Users/zhonghengli/Deep_Images_Hub/src/airflow/workspace/airflow_home/dags/images_submission_simulation.py took 0.710 seconds
[2018-10-13 08:52:38,006] {jobs.py:343} DagFileProcessor56 INFO - Started process (PID=78147) to work on /Users/zhonghengli/Deep_Images_Hub/src/airflow/workspace/airflow_home/dags/images_submission_simulation.py
[2018-10-13 08:52:38,017] {jobs.py:534} DagFileProcessor56 ERROR - Cannot use more than 1 thread when using sqlite. Setting max_threads to 1
[2018-10-13 08:52:38,018] {jobs.py:1521} DagFileProcessor56 INFO - Processing file /Users/zhonghengli/Deep_Images_Hub/src/airflow/workspace/airflow_home/dags/images_submission_simulation.py for tasks to queue
[2018-10-13 08:52:38,018] {models.py:167} DagFileProcessor56 INFO - Filling up the DagBag from /Users/zhonghengli/Deep_Images_Hub/src/airflow/workspace/airflow_home/dags/images_submission_simulation.py
/anaconda3/lib/python3.6/site-packages/airflow/utils/helpers.py:406: DeprecationWarning: Importing PythonOperator directly from <module 'airflow.operators' from '/anaconda3/lib/python3.6/site-packages/airflow/operators/__init__.py'> has been deprecated. Please import from '<module 'airflow.operators' from '/anaconda3/lib/python3.6/site-packages/airflow/operators/__init__.py'>.[operator_module]' instead. Support for direct imports will be dropped entirely in Airflow 2.0.
  DeprecationWarning)
[2018-10-13 08:52:38,601] {jobs.py:1535} DagFileProcessor56 INFO - DAG(s) dict_keys(['latest_only', 'example_python_operator', 'test_utils', 'example_bash_operator', 'example_short_circuit_operator', 'example_branch_operator', 'tutorial', 'example_passing_params_via_test_command', 'latest_only_with_trigger', 'example_xcom', 'example_http_operator', 'example_skip_dag', 'example_trigger_target_dag', 'example_branch_dop_operator_v3', 'example_subdag_operator', 'example_subdag_operator.section-1', 'example_subdag_operator.section-2', 'example_trigger_controller_dag', 'image_submission_simulation']) retrieved from /Users/zhonghengli/Deep_Images_Hub/src/airflow/workspace/airflow_home/dags/images_submission_simulation.py
[2018-10-13 08:52:38,726] {models.py:322} DagFileProcessor56 INFO - Finding 'running' jobs without a recent heartbeat
[2018-10-13 08:52:38,727] {models.py:328} DagFileProcessor56 INFO - Failing jobs without heartbeat after 2018-10-13 08:47:38.727066
[2018-10-13 08:52:38,730] {jobs.py:351} DagFileProcessor56 INFO - Processing /Users/zhonghengli/Deep_Images_Hub/src/airflow/workspace/airflow_home/dags/images_submission_simulation.py took 0.725 seconds
[2018-10-13 08:52:45,128] {jobs.py:343} DagFileProcessor60 INFO - Started process (PID=78151) to work on /Users/zhonghengli/Deep_Images_Hub/src/airflow/workspace/airflow_home/dags/images_submission_simulation.py
[2018-10-13 08:52:45,132] {jobs.py:534} DagFileProcessor60 ERROR - Cannot use more than 1 thread when using sqlite. Setting max_threads to 1
[2018-10-13 08:52:45,133] {jobs.py:1521} DagFileProcessor60 INFO - Processing file /Users/zhonghengli/Deep_Images_Hub/src/airflow/workspace/airflow_home/dags/images_submission_simulation.py for tasks to queue
[2018-10-13 08:52:45,133] {models.py:167} DagFileProcessor60 INFO - Filling up the DagBag from /Users/zhonghengli/Deep_Images_Hub/src/airflow/workspace/airflow_home/dags/images_submission_simulation.py
/anaconda3/lib/python3.6/site-packages/airflow/utils/helpers.py:406: DeprecationWarning: Importing PythonOperator directly from <module 'airflow.operators' from '/anaconda3/lib/python3.6/site-packages/airflow/operators/__init__.py'> has been deprecated. Please import from '<module 'airflow.operators' from '/anaconda3/lib/python3.6/site-packages/airflow/operators/__init__.py'>.[operator_module]' instead. Support for direct imports will be dropped entirely in Airflow 2.0.
  DeprecationWarning)
[2018-10-13 08:52:45,594] {jobs.py:1535} DagFileProcessor60 INFO - DAG(s) dict_keys(['latest_only', 'example_python_operator', 'test_utils', 'example_bash_operator', 'example_short_circuit_operator', 'example_branch_operator', 'tutorial', 'example_passing_params_via_test_command', 'latest_only_with_trigger', 'example_xcom', 'example_http_operator', 'example_skip_dag', 'example_trigger_target_dag', 'example_branch_dop_operator_v3', 'example_subdag_operator', 'example_subdag_operator.section-1', 'example_subdag_operator.section-2', 'example_trigger_controller_dag', 'image_submission_simulation']) retrieved from /Users/zhonghengli/Deep_Images_Hub/src/airflow/workspace/airflow_home/dags/images_submission_simulation.py
[2018-10-13 08:52:45,735] {models.py:322} DagFileProcessor60 INFO - Finding 'running' jobs without a recent heartbeat
[2018-10-13 08:52:45,736] {models.py:328} DagFileProcessor60 INFO - Failing jobs without heartbeat after 2018-10-13 08:47:45.736129
[2018-10-13 08:52:45,739] {jobs.py:351} DagFileProcessor60 INFO - Processing /Users/zhonghengli/Deep_Images_Hub/src/airflow/workspace/airflow_home/dags/images_submission_simulation.py took 0.612 seconds
[2018-10-13 08:52:52,071] {jobs.py:343} DagFileProcessor64 INFO - Started process (PID=78155) to work on /Users/zhonghengli/Deep_Images_Hub/src/airflow/workspace/airflow_home/dags/images_submission_simulation.py
[2018-10-13 08:52:52,077] {jobs.py:534} DagFileProcessor64 ERROR - Cannot use more than 1 thread when using sqlite. Setting max_threads to 1
[2018-10-13 08:52:52,078] {jobs.py:1521} DagFileProcessor64 INFO - Processing file /Users/zhonghengli/Deep_Images_Hub/src/airflow/workspace/airflow_home/dags/images_submission_simulation.py for tasks to queue
[2018-10-13 08:52:52,078] {models.py:167} DagFileProcessor64 INFO - Filling up the DagBag from /Users/zhonghengli/Deep_Images_Hub/src/airflow/workspace/airflow_home/dags/images_submission_simulation.py
/anaconda3/lib/python3.6/site-packages/airflow/utils/helpers.py:406: DeprecationWarning: Importing PythonOperator directly from <module 'airflow.operators' from '/anaconda3/lib/python3.6/site-packages/airflow/operators/__init__.py'> has been deprecated. Please import from '<module 'airflow.operators' from '/anaconda3/lib/python3.6/site-packages/airflow/operators/__init__.py'>.[operator_module]' instead. Support for direct imports will be dropped entirely in Airflow 2.0.
  DeprecationWarning)
[2018-10-13 08:52:52,579] {jobs.py:1535} DagFileProcessor64 INFO - DAG(s) dict_keys(['latest_only', 'example_python_operator', 'test_utils', 'example_bash_operator', 'example_short_circuit_operator', 'example_branch_operator', 'tutorial', 'example_passing_params_via_test_command', 'latest_only_with_trigger', 'example_xcom', 'example_http_operator', 'example_skip_dag', 'example_trigger_target_dag', 'example_branch_dop_operator_v3', 'example_subdag_operator', 'example_subdag_operator.section-1', 'example_subdag_operator.section-2', 'example_trigger_controller_dag', 'image_submission_simulation']) retrieved from /Users/zhonghengli/Deep_Images_Hub/src/airflow/workspace/airflow_home/dags/images_submission_simulation.py
[2018-10-13 08:52:52,719] {models.py:322} DagFileProcessor64 INFO - Finding 'running' jobs without a recent heartbeat
[2018-10-13 08:52:52,720] {models.py:328} DagFileProcessor64 INFO - Failing jobs without heartbeat after 2018-10-13 08:47:52.720125
[2018-10-13 08:52:52,723] {jobs.py:351} DagFileProcessor64 INFO - Processing /Users/zhonghengli/Deep_Images_Hub/src/airflow/workspace/airflow_home/dags/images_submission_simulation.py took 0.653 seconds
[2018-10-13 08:52:59,301] {jobs.py:343} DagFileProcessor68 INFO - Started process (PID=78159) to work on /Users/zhonghengli/Deep_Images_Hub/src/airflow/workspace/airflow_home/dags/images_submission_simulation.py
[2018-10-13 08:52:59,306] {jobs.py:534} DagFileProcessor68 ERROR - Cannot use more than 1 thread when using sqlite. Setting max_threads to 1
[2018-10-13 08:52:59,307] {jobs.py:1521} DagFileProcessor68 INFO - Processing file /Users/zhonghengli/Deep_Images_Hub/src/airflow/workspace/airflow_home/dags/images_submission_simulation.py for tasks to queue
[2018-10-13 08:52:59,307] {models.py:167} DagFileProcessor68 INFO - Filling up the DagBag from /Users/zhonghengli/Deep_Images_Hub/src/airflow/workspace/airflow_home/dags/images_submission_simulation.py
/anaconda3/lib/python3.6/site-packages/airflow/utils/helpers.py:406: DeprecationWarning: Importing PythonOperator directly from <module 'airflow.operators' from '/anaconda3/lib/python3.6/site-packages/airflow/operators/__init__.py'> has been deprecated. Please import from '<module 'airflow.operators' from '/anaconda3/lib/python3.6/site-packages/airflow/operators/__init__.py'>.[operator_module]' instead. Support for direct imports will be dropped entirely in Airflow 2.0.
  DeprecationWarning)
[2018-10-13 08:52:59,846] {jobs.py:1535} DagFileProcessor68 INFO - DAG(s) dict_keys(['latest_only', 'example_python_operator', 'test_utils', 'example_bash_operator', 'example_short_circuit_operator', 'example_branch_operator', 'tutorial', 'example_passing_params_via_test_command', 'latest_only_with_trigger', 'example_xcom', 'example_http_operator', 'example_skip_dag', 'example_trigger_target_dag', 'example_branch_dop_operator_v3', 'example_subdag_operator', 'example_subdag_operator.section-1', 'example_subdag_operator.section-2', 'example_trigger_controller_dag', 'image_submission_simulation']) retrieved from /Users/zhonghengli/Deep_Images_Hub/src/airflow/workspace/airflow_home/dags/images_submission_simulation.py
[2018-10-13 08:52:59,986] {models.py:322} DagFileProcessor68 INFO - Finding 'running' jobs without a recent heartbeat
[2018-10-13 08:52:59,986] {models.py:328} DagFileProcessor68 INFO - Failing jobs without heartbeat after 2018-10-13 08:47:59.986597
[2018-10-13 08:52:59,989] {jobs.py:351} DagFileProcessor68 INFO - Processing /Users/zhonghengli/Deep_Images_Hub/src/airflow/workspace/airflow_home/dags/images_submission_simulation.py took 0.688 seconds
[2018-10-13 08:53:06,216] {jobs.py:343} DagFileProcessor72 INFO - Started process (PID=78163) to work on /Users/zhonghengli/Deep_Images_Hub/src/airflow/workspace/airflow_home/dags/images_submission_simulation.py
[2018-10-13 08:53:06,221] {jobs.py:534} DagFileProcessor72 ERROR - Cannot use more than 1 thread when using sqlite. Setting max_threads to 1
[2018-10-13 08:53:06,222] {jobs.py:1521} DagFileProcessor72 INFO - Processing file /Users/zhonghengli/Deep_Images_Hub/src/airflow/workspace/airflow_home/dags/images_submission_simulation.py for tasks to queue
[2018-10-13 08:53:06,223] {models.py:167} DagFileProcessor72 INFO - Filling up the DagBag from /Users/zhonghengli/Deep_Images_Hub/src/airflow/workspace/airflow_home/dags/images_submission_simulation.py
/anaconda3/lib/python3.6/site-packages/airflow/utils/helpers.py:406: DeprecationWarning: Importing PythonOperator directly from <module 'airflow.operators' from '/anaconda3/lib/python3.6/site-packages/airflow/operators/__init__.py'> has been deprecated. Please import from '<module 'airflow.operators' from '/anaconda3/lib/python3.6/site-packages/airflow/operators/__init__.py'>.[operator_module]' instead. Support for direct imports will be dropped entirely in Airflow 2.0.
  DeprecationWarning)
[2018-10-13 08:53:06,952] {jobs.py:1535} DagFileProcessor72 INFO - DAG(s) dict_keys(['latest_only', 'example_python_operator', 'test_utils', 'example_bash_operator', 'example_short_circuit_operator', 'example_branch_operator', 'tutorial', 'example_passing_params_via_test_command', 'latest_only_with_trigger', 'example_xcom', 'example_http_operator', 'example_skip_dag', 'example_trigger_target_dag', 'example_branch_dop_operator_v3', 'example_subdag_operator', 'example_subdag_operator.section-1', 'example_subdag_operator.section-2', 'example_trigger_controller_dag', 'image_submission_simulation']) retrieved from /Users/zhonghengli/Deep_Images_Hub/src/airflow/workspace/airflow_home/dags/images_submission_simulation.py
[2018-10-13 08:53:07,198] {models.py:322} DagFileProcessor72 INFO - Finding 'running' jobs without a recent heartbeat
[2018-10-13 08:53:07,199] {models.py:328} DagFileProcessor72 INFO - Failing jobs without heartbeat after 2018-10-13 08:48:07.198779
[2018-10-13 08:53:07,203] {jobs.py:351} DagFileProcessor72 INFO - Processing /Users/zhonghengli/Deep_Images_Hub/src/airflow/workspace/airflow_home/dags/images_submission_simulation.py took 0.987 seconds
