[2018-10-13 08:50:47,091] {jobs.py:343} DagFileProcessor2 INFO - Started process (PID=78040) to work on /Users/zhonghengli/Deep_Images_Hub/src/airflow/workspace/airflow_home/dags/local_model_training_procedure.py
[2018-10-13 08:50:47,095] {jobs.py:534} DagFileProcessor2 ERROR - Cannot use more than 1 thread when using sqlite. Setting max_threads to 1
[2018-10-13 08:50:47,097] {jobs.py:1521} DagFileProcessor2 INFO - Processing file /Users/zhonghengli/Deep_Images_Hub/src/airflow/workspace/airflow_home/dags/local_model_training_procedure.py for tasks to queue
[2018-10-13 08:50:47,097] {models.py:167} DagFileProcessor2 INFO - Filling up the DagBag from /Users/zhonghengli/Deep_Images_Hub/src/airflow/workspace/airflow_home/dags/local_model_training_procedure.py
[2018-10-13 08:50:47,531] {jobs.py:1535} DagFileProcessor2 INFO - DAG(s) dict_keys(['latest_only', 'example_python_operator', 'test_utils', 'example_bash_operator', 'example_short_circuit_operator', 'example_branch_operator', 'tutorial', 'example_passing_params_via_test_command', 'latest_only_with_trigger', 'example_xcom', 'example_http_operator', 'example_skip_dag', 'example_trigger_target_dag', 'example_branch_dop_operator_v3', 'example_subdag_operator', 'example_subdag_operator.section-1', 'example_subdag_operator.section-2', 'example_trigger_controller_dag', 'local_model_training']) retrieved from /Users/zhonghengli/Deep_Images_Hub/src/airflow/workspace/airflow_home/dags/local_model_training_procedure.py
[2018-10-13 08:50:47,683] {models.py:322} DagFileProcessor2 INFO - Finding 'running' jobs without a recent heartbeat
[2018-10-13 08:50:47,683] {models.py:328} DagFileProcessor2 INFO - Failing jobs without heartbeat after 2018-10-13 08:45:47.683592
[2018-10-13 08:50:47,687] {jobs.py:351} DagFileProcessor2 INFO - Processing /Users/zhonghengli/Deep_Images_Hub/src/airflow/workspace/airflow_home/dags/local_model_training_procedure.py took 0.597 seconds
[2018-10-13 08:50:54,110] {jobs.py:343} DagFileProcessor6 INFO - Started process (PID=78044) to work on /Users/zhonghengli/Deep_Images_Hub/src/airflow/workspace/airflow_home/dags/local_model_training_procedure.py
[2018-10-13 08:50:54,116] {jobs.py:534} DagFileProcessor6 ERROR - Cannot use more than 1 thread when using sqlite. Setting max_threads to 1
[2018-10-13 08:50:54,117] {jobs.py:1521} DagFileProcessor6 INFO - Processing file /Users/zhonghengli/Deep_Images_Hub/src/airflow/workspace/airflow_home/dags/local_model_training_procedure.py for tasks to queue
[2018-10-13 08:50:54,118] {models.py:167} DagFileProcessor6 INFO - Filling up the DagBag from /Users/zhonghengli/Deep_Images_Hub/src/airflow/workspace/airflow_home/dags/local_model_training_procedure.py
[2018-10-13 08:50:54,589] {jobs.py:1535} DagFileProcessor6 INFO - DAG(s) dict_keys(['latest_only', 'example_python_operator', 'test_utils', 'example_bash_operator', 'example_short_circuit_operator', 'example_branch_operator', 'tutorial', 'example_passing_params_via_test_command', 'latest_only_with_trigger', 'example_xcom', 'example_http_operator', 'example_skip_dag', 'example_trigger_target_dag', 'example_branch_dop_operator_v3', 'example_subdag_operator', 'example_subdag_operator.section-1', 'example_subdag_operator.section-2', 'example_trigger_controller_dag', 'local_model_training']) retrieved from /Users/zhonghengli/Deep_Images_Hub/src/airflow/workspace/airflow_home/dags/local_model_training_procedure.py
[2018-10-13 08:50:54,738] {models.py:322} DagFileProcessor6 INFO - Finding 'running' jobs without a recent heartbeat
[2018-10-13 08:50:54,739] {models.py:328} DagFileProcessor6 INFO - Failing jobs without heartbeat after 2018-10-13 08:45:54.739677
[2018-10-13 08:50:54,744] {jobs.py:351} DagFileProcessor6 INFO - Processing /Users/zhonghengli/Deep_Images_Hub/src/airflow/workspace/airflow_home/dags/local_model_training_procedure.py took 0.634 seconds
[2018-10-13 08:51:01,456] {jobs.py:343} DagFileProcessor10 INFO - Started process (PID=78048) to work on /Users/zhonghengli/Deep_Images_Hub/src/airflow/workspace/airflow_home/dags/local_model_training_procedure.py
[2018-10-13 08:51:01,460] {jobs.py:534} DagFileProcessor10 ERROR - Cannot use more than 1 thread when using sqlite. Setting max_threads to 1
[2018-10-13 08:51:01,461] {jobs.py:1521} DagFileProcessor10 INFO - Processing file /Users/zhonghengli/Deep_Images_Hub/src/airflow/workspace/airflow_home/dags/local_model_training_procedure.py for tasks to queue
[2018-10-13 08:51:01,462] {models.py:167} DagFileProcessor10 INFO - Filling up the DagBag from /Users/zhonghengli/Deep_Images_Hub/src/airflow/workspace/airflow_home/dags/local_model_training_procedure.py
[2018-10-13 08:51:01,907] {jobs.py:1535} DagFileProcessor10 INFO - DAG(s) dict_keys(['latest_only', 'example_python_operator', 'test_utils', 'example_bash_operator', 'example_short_circuit_operator', 'example_branch_operator', 'tutorial', 'example_passing_params_via_test_command', 'latest_only_with_trigger', 'example_xcom', 'example_http_operator', 'example_skip_dag', 'example_trigger_target_dag', 'example_branch_dop_operator_v3', 'example_subdag_operator', 'example_subdag_operator.section-1', 'example_subdag_operator.section-2', 'example_trigger_controller_dag', 'local_model_training']) retrieved from /Users/zhonghengli/Deep_Images_Hub/src/airflow/workspace/airflow_home/dags/local_model_training_procedure.py
[2018-10-13 08:51:02,044] {jobs.py:1169} DagFileProcessor10 INFO - Processing local_model_training
[2018-10-13 08:51:02,053] {jobs.py:566} DagFileProcessor10 INFO - Skipping SLA check for <DAG: local_model_training> because no tasks in DAG have SLAs
[2018-10-13 08:51:02,070] {models.py:322} DagFileProcessor10 INFO - Finding 'running' jobs without a recent heartbeat
[2018-10-13 08:51:02,071] {models.py:328} DagFileProcessor10 INFO - Failing jobs without heartbeat after 2018-10-13 08:46:02.070826
[2018-10-13 08:51:02,077] {jobs.py:351} DagFileProcessor10 INFO - Processing /Users/zhonghengli/Deep_Images_Hub/src/airflow/workspace/airflow_home/dags/local_model_training_procedure.py took 0.621 seconds
[2018-10-13 08:51:09,000] {jobs.py:343} DagFileProcessor14 INFO - Started process (PID=78052) to work on /Users/zhonghengli/Deep_Images_Hub/src/airflow/workspace/airflow_home/dags/local_model_training_procedure.py
[2018-10-13 08:51:09,005] {jobs.py:534} DagFileProcessor14 ERROR - Cannot use more than 1 thread when using sqlite. Setting max_threads to 1
[2018-10-13 08:51:09,007] {jobs.py:1521} DagFileProcessor14 INFO - Processing file /Users/zhonghengli/Deep_Images_Hub/src/airflow/workspace/airflow_home/dags/local_model_training_procedure.py for tasks to queue
[2018-10-13 08:51:09,007] {models.py:167} DagFileProcessor14 INFO - Filling up the DagBag from /Users/zhonghengli/Deep_Images_Hub/src/airflow/workspace/airflow_home/dags/local_model_training_procedure.py
[2018-10-13 08:51:09,432] {jobs.py:1535} DagFileProcessor14 INFO - DAG(s) dict_keys(['latest_only', 'example_python_operator', 'test_utils', 'example_bash_operator', 'example_short_circuit_operator', 'example_branch_operator', 'tutorial', 'example_passing_params_via_test_command', 'latest_only_with_trigger', 'example_xcom', 'example_http_operator', 'example_skip_dag', 'example_trigger_target_dag', 'example_branch_dop_operator_v3', 'example_subdag_operator', 'example_subdag_operator.section-1', 'example_subdag_operator.section-2', 'example_trigger_controller_dag', 'local_model_training']) retrieved from /Users/zhonghengli/Deep_Images_Hub/src/airflow/workspace/airflow_home/dags/local_model_training_procedure.py
[2018-10-13 08:51:09,570] {jobs.py:1169} DagFileProcessor14 INFO - Processing local_model_training
[2018-10-13 08:51:09,578] {jobs.py:860} DagFileProcessor14 INFO - Examining DAG run <DagRun local_model_training @ 2018-10-13 08:51:05.964344: manual__2018-10-13T08:51:05.964344, externally triggered: True>
[2018-10-13 08:51:09,582] {models.py:4024} DagFileProcessor14 INFO - Updating state for <DagRun local_model_training @ 2018-10-13 08:51:05.964344: manual__2018-10-13T08:51:05.964344, externally triggered: True> considering 2 task(s)
/anaconda3/lib/python3.6/site-packages/airflow/ti_deps/deps/base_ti_dep.py:94: DeprecationWarning: generator '_get_dep_statuses' raised StopIteration
  for dep_status in self._get_dep_statuses(ti, session, dep_context):
[2018-10-13 08:51:09,638] {jobs.py:566} DagFileProcessor14 INFO - Skipping SLA check for <DAG: local_model_training> because no tasks in DAG have SLAs
/anaconda3/lib/python3.6/site-packages/airflow/models.py:1140: DeprecationWarning: generator 'get_dep_statuses' raised StopIteration
  dep_context):
[2018-10-13 08:51:09,652] {models.py:1126} DagFileProcessor14 INFO - Dependencies all met for <TaskInstance: local_model_training.dummy_task 2018-10-13 08:51:05.964344 [None]>
[2018-10-13 08:51:09,652] {jobs.py:1608} DagFileProcessor14 INFO - Creating / updating <TaskInstance: local_model_training.dummy_task 2018-10-13 08:51:05.964344 [scheduled]> in ORM
[2018-10-13 08:51:09,666] {models.py:322} DagFileProcessor14 INFO - Finding 'running' jobs without a recent heartbeat
[2018-10-13 08:51:09,667] {models.py:328} DagFileProcessor14 INFO - Failing jobs without heartbeat after 2018-10-13 08:46:09.666938
[2018-10-13 08:51:09,670] {jobs.py:351} DagFileProcessor14 INFO - Processing /Users/zhonghengli/Deep_Images_Hub/src/airflow/workspace/airflow_home/dags/local_model_training_procedure.py took 0.670 seconds
[2018-10-13 08:51:22,636] {jobs.py:343} DagFileProcessor18 INFO - Started process (PID=78076) to work on /Users/zhonghengli/Deep_Images_Hub/src/airflow/workspace/airflow_home/dags/local_model_training_procedure.py
[2018-10-13 08:51:22,641] {jobs.py:534} DagFileProcessor18 ERROR - Cannot use more than 1 thread when using sqlite. Setting max_threads to 1
[2018-10-13 08:51:22,642] {jobs.py:1521} DagFileProcessor18 INFO - Processing file /Users/zhonghengli/Deep_Images_Hub/src/airflow/workspace/airflow_home/dags/local_model_training_procedure.py for tasks to queue
[2018-10-13 08:51:22,642] {models.py:167} DagFileProcessor18 INFO - Filling up the DagBag from /Users/zhonghengli/Deep_Images_Hub/src/airflow/workspace/airflow_home/dags/local_model_training_procedure.py
[2018-10-13 08:51:23,220] {jobs.py:1535} DagFileProcessor18 INFO - DAG(s) dict_keys(['latest_only', 'example_python_operator', 'test_utils', 'example_bash_operator', 'example_short_circuit_operator', 'example_branch_operator', 'tutorial', 'example_passing_params_via_test_command', 'latest_only_with_trigger', 'example_xcom', 'example_http_operator', 'example_skip_dag', 'example_trigger_target_dag', 'example_branch_dop_operator_v3', 'example_subdag_operator', 'example_subdag_operator.section-1', 'example_subdag_operator.section-2', 'example_trigger_controller_dag', 'local_model_training']) retrieved from /Users/zhonghengli/Deep_Images_Hub/src/airflow/workspace/airflow_home/dags/local_model_training_procedure.py
[2018-10-13 08:51:23,471] {jobs.py:1169} DagFileProcessor18 INFO - Processing local_model_training
[2018-10-13 08:51:23,486] {jobs.py:860} DagFileProcessor18 INFO - Examining DAG run <DagRun local_model_training @ 2018-10-13 08:51:05.964344: manual__2018-10-13T08:51:05.964344, externally triggered: True>
[2018-10-13 08:51:23,497] {models.py:4024} DagFileProcessor18 INFO - Updating state for <DagRun local_model_training @ 2018-10-13 08:51:05.964344: manual__2018-10-13T08:51:05.964344, externally triggered: True> considering 2 task(s)
/anaconda3/lib/python3.6/site-packages/airflow/ti_deps/deps/base_ti_dep.py:94: DeprecationWarning: generator '_get_dep_statuses' raised StopIteration
  for dep_status in self._get_dep_statuses(ti, session, dep_context):
[2018-10-13 08:51:23,515] {jobs.py:566} DagFileProcessor18 INFO - Skipping SLA check for <DAG: local_model_training> because no tasks in DAG have SLAs
/anaconda3/lib/python3.6/site-packages/airflow/models.py:1140: DeprecationWarning: generator 'get_dep_statuses' raised StopIteration
  dep_context):
[2018-10-13 08:51:23,528] {models.py:1126} DagFileProcessor18 INFO - Dependencies all met for <TaskInstance: local_model_training.training_request_processing 2018-10-13 08:51:05.964344 [None]>
[2018-10-13 08:51:23,528] {jobs.py:1608} DagFileProcessor18 INFO - Creating / updating <TaskInstance: local_model_training.training_request_processing 2018-10-13 08:51:05.964344 [scheduled]> in ORM
[2018-10-13 08:51:23,549] {models.py:322} DagFileProcessor18 INFO - Finding 'running' jobs without a recent heartbeat
[2018-10-13 08:51:23,550] {models.py:328} DagFileProcessor18 INFO - Failing jobs without heartbeat after 2018-10-13 08:46:23.549932
[2018-10-13 08:51:23,555] {jobs.py:351} DagFileProcessor18 INFO - Processing /Users/zhonghengli/Deep_Images_Hub/src/airflow/workspace/airflow_home/dags/local_model_training_procedure.py took 0.919 seconds
[2018-10-13 08:51:36,369] {jobs.py:343} DagFileProcessor22 INFO - Started process (PID=78095) to work on /Users/zhonghengli/Deep_Images_Hub/src/airflow/workspace/airflow_home/dags/local_model_training_procedure.py
[2018-10-13 08:51:36,378] {jobs.py:534} DagFileProcessor22 ERROR - Cannot use more than 1 thread when using sqlite. Setting max_threads to 1
[2018-10-13 08:51:36,382] {jobs.py:1521} DagFileProcessor22 INFO - Processing file /Users/zhonghengli/Deep_Images_Hub/src/airflow/workspace/airflow_home/dags/local_model_training_procedure.py for tasks to queue
[2018-10-13 08:51:36,383] {models.py:167} DagFileProcessor22 INFO - Filling up the DagBag from /Users/zhonghengli/Deep_Images_Hub/src/airflow/workspace/airflow_home/dags/local_model_training_procedure.py
[2018-10-13 08:51:37,174] {jobs.py:1535} DagFileProcessor22 INFO - DAG(s) dict_keys(['latest_only', 'example_python_operator', 'test_utils', 'example_bash_operator', 'example_short_circuit_operator', 'example_branch_operator', 'tutorial', 'example_passing_params_via_test_command', 'latest_only_with_trigger', 'example_xcom', 'example_http_operator', 'example_skip_dag', 'example_trigger_target_dag', 'example_branch_dop_operator_v3', 'example_subdag_operator', 'example_subdag_operator.section-1', 'example_subdag_operator.section-2', 'example_trigger_controller_dag', 'local_model_training']) retrieved from /Users/zhonghengli/Deep_Images_Hub/src/airflow/workspace/airflow_home/dags/local_model_training_procedure.py
[2018-10-13 08:51:37,364] {jobs.py:1169} DagFileProcessor22 INFO - Processing local_model_training
[2018-10-13 08:51:37,372] {jobs.py:860} DagFileProcessor22 INFO - Examining DAG run <DagRun local_model_training @ 2018-10-13 08:51:05.964344: manual__2018-10-13T08:51:05.964344, externally triggered: True>
[2018-10-13 08:51:37,377] {models.py:4024} DagFileProcessor22 INFO - Updating state for <DagRun local_model_training @ 2018-10-13 08:51:05.964344: manual__2018-10-13T08:51:05.964344, externally triggered: True> considering 2 task(s)
[2018-10-13 08:51:37,379] {models.py:4070} DagFileProcessor22 INFO - Marking run <DagRun local_model_training @ 2018-10-13 08:51:05.964344: manual__2018-10-13T08:51:05.964344, externally triggered: True> successful
[2018-10-13 08:51:37,391] {jobs.py:566} DagFileProcessor22 INFO - Skipping SLA check for <DAG: local_model_training> because no tasks in DAG have SLAs
[2018-10-13 08:51:37,409] {models.py:322} DagFileProcessor22 INFO - Finding 'running' jobs without a recent heartbeat
[2018-10-13 08:51:37,409] {models.py:328} DagFileProcessor22 INFO - Failing jobs without heartbeat after 2018-10-13 08:46:37.409671
[2018-10-13 08:51:37,413] {jobs.py:351} DagFileProcessor22 INFO - Processing /Users/zhonghengli/Deep_Images_Hub/src/airflow/workspace/airflow_home/dags/local_model_training_procedure.py took 1.044 seconds
[2018-10-13 08:51:43,940] {jobs.py:343} DagFileProcessor26 INFO - Started process (PID=78099) to work on /Users/zhonghengli/Deep_Images_Hub/src/airflow/workspace/airflow_home/dags/local_model_training_procedure.py
[2018-10-13 08:51:43,946] {jobs.py:534} DagFileProcessor26 ERROR - Cannot use more than 1 thread when using sqlite. Setting max_threads to 1
[2018-10-13 08:51:43,947] {jobs.py:1521} DagFileProcessor26 INFO - Processing file /Users/zhonghengli/Deep_Images_Hub/src/airflow/workspace/airflow_home/dags/local_model_training_procedure.py for tasks to queue
[2018-10-13 08:51:43,947] {models.py:167} DagFileProcessor26 INFO - Filling up the DagBag from /Users/zhonghengli/Deep_Images_Hub/src/airflow/workspace/airflow_home/dags/local_model_training_procedure.py
[2018-10-13 08:51:44,366] {jobs.py:1535} DagFileProcessor26 INFO - DAG(s) dict_keys(['latest_only', 'example_python_operator', 'test_utils', 'example_bash_operator', 'example_short_circuit_operator', 'example_branch_operator', 'tutorial', 'example_passing_params_via_test_command', 'latest_only_with_trigger', 'example_xcom', 'example_http_operator', 'example_skip_dag', 'example_trigger_target_dag', 'example_branch_dop_operator_v3', 'example_subdag_operator', 'example_subdag_operator.section-1', 'example_subdag_operator.section-2', 'example_trigger_controller_dag', 'local_model_training']) retrieved from /Users/zhonghengli/Deep_Images_Hub/src/airflow/workspace/airflow_home/dags/local_model_training_procedure.py
[2018-10-13 08:51:44,595] {jobs.py:1169} DagFileProcessor26 INFO - Processing local_model_training
[2018-10-13 08:51:44,609] {jobs.py:566} DagFileProcessor26 INFO - Skipping SLA check for <DAG: local_model_training> because no tasks in DAG have SLAs
[2018-10-13 08:51:44,624] {models.py:322} DagFileProcessor26 INFO - Finding 'running' jobs without a recent heartbeat
[2018-10-13 08:51:44,625] {models.py:328} DagFileProcessor26 INFO - Failing jobs without heartbeat after 2018-10-13 08:46:44.625119
[2018-10-13 08:51:44,629] {jobs.py:351} DagFileProcessor26 INFO - Processing /Users/zhonghengli/Deep_Images_Hub/src/airflow/workspace/airflow_home/dags/local_model_training_procedure.py took 0.689 seconds
[2018-10-13 08:51:51,298] {jobs.py:343} DagFileProcessor30 INFO - Started process (PID=78103) to work on /Users/zhonghengli/Deep_Images_Hub/src/airflow/workspace/airflow_home/dags/local_model_training_procedure.py
[2018-10-13 08:51:51,302] {jobs.py:534} DagFileProcessor30 ERROR - Cannot use more than 1 thread when using sqlite. Setting max_threads to 1
[2018-10-13 08:51:51,303] {jobs.py:1521} DagFileProcessor30 INFO - Processing file /Users/zhonghengli/Deep_Images_Hub/src/airflow/workspace/airflow_home/dags/local_model_training_procedure.py for tasks to queue
[2018-10-13 08:51:51,304] {models.py:167} DagFileProcessor30 INFO - Filling up the DagBag from /Users/zhonghengli/Deep_Images_Hub/src/airflow/workspace/airflow_home/dags/local_model_training_procedure.py
[2018-10-13 08:51:51,702] {jobs.py:1535} DagFileProcessor30 INFO - DAG(s) dict_keys(['latest_only', 'example_python_operator', 'test_utils', 'example_bash_operator', 'example_short_circuit_operator', 'example_branch_operator', 'tutorial', 'example_passing_params_via_test_command', 'latest_only_with_trigger', 'example_xcom', 'example_http_operator', 'example_skip_dag', 'example_trigger_target_dag', 'example_branch_dop_operator_v3', 'example_subdag_operator', 'example_subdag_operator.section-1', 'example_subdag_operator.section-2', 'example_trigger_controller_dag', 'local_model_training']) retrieved from /Users/zhonghengli/Deep_Images_Hub/src/airflow/workspace/airflow_home/dags/local_model_training_procedure.py
[2018-10-13 08:51:51,886] {jobs.py:1169} DagFileProcessor30 INFO - Processing local_model_training
[2018-10-13 08:51:51,894] {jobs.py:566} DagFileProcessor30 INFO - Skipping SLA check for <DAG: local_model_training> because no tasks in DAG have SLAs
[2018-10-13 08:51:51,907] {models.py:322} DagFileProcessor30 INFO - Finding 'running' jobs without a recent heartbeat
[2018-10-13 08:51:51,908] {models.py:328} DagFileProcessor30 INFO - Failing jobs without heartbeat after 2018-10-13 08:46:51.907924
[2018-10-13 08:51:51,911] {jobs.py:351} DagFileProcessor30 INFO - Processing /Users/zhonghengli/Deep_Images_Hub/src/airflow/workspace/airflow_home/dags/local_model_training_procedure.py took 0.613 seconds
[2018-10-13 08:51:58,217] {jobs.py:343} DagFileProcessor34 INFO - Started process (PID=78107) to work on /Users/zhonghengli/Deep_Images_Hub/src/airflow/workspace/airflow_home/dags/local_model_training_procedure.py
[2018-10-13 08:51:58,221] {jobs.py:534} DagFileProcessor34 ERROR - Cannot use more than 1 thread when using sqlite. Setting max_threads to 1
[2018-10-13 08:51:58,222] {jobs.py:1521} DagFileProcessor34 INFO - Processing file /Users/zhonghengli/Deep_Images_Hub/src/airflow/workspace/airflow_home/dags/local_model_training_procedure.py for tasks to queue
[2018-10-13 08:51:58,223] {models.py:167} DagFileProcessor34 INFO - Filling up the DagBag from /Users/zhonghengli/Deep_Images_Hub/src/airflow/workspace/airflow_home/dags/local_model_training_procedure.py
[2018-10-13 08:51:58,614] {jobs.py:1535} DagFileProcessor34 INFO - DAG(s) dict_keys(['latest_only', 'example_python_operator', 'test_utils', 'example_bash_operator', 'example_short_circuit_operator', 'example_branch_operator', 'tutorial', 'example_passing_params_via_test_command', 'latest_only_with_trigger', 'example_xcom', 'example_http_operator', 'example_skip_dag', 'example_trigger_target_dag', 'example_branch_dop_operator_v3', 'example_subdag_operator', 'example_subdag_operator.section-1', 'example_subdag_operator.section-2', 'example_trigger_controller_dag', 'local_model_training']) retrieved from /Users/zhonghengli/Deep_Images_Hub/src/airflow/workspace/airflow_home/dags/local_model_training_procedure.py
[2018-10-13 08:51:58,832] {jobs.py:1169} DagFileProcessor34 INFO - Processing local_model_training
[2018-10-13 08:51:58,841] {jobs.py:566} DagFileProcessor34 INFO - Skipping SLA check for <DAG: local_model_training> because no tasks in DAG have SLAs
[2018-10-13 08:51:58,858] {models.py:322} DagFileProcessor34 INFO - Finding 'running' jobs without a recent heartbeat
[2018-10-13 08:51:58,859] {models.py:328} DagFileProcessor34 INFO - Failing jobs without heartbeat after 2018-10-13 08:46:58.859065
[2018-10-13 08:51:58,863] {jobs.py:351} DagFileProcessor34 INFO - Processing /Users/zhonghengli/Deep_Images_Hub/src/airflow/workspace/airflow_home/dags/local_model_training_procedure.py took 0.646 seconds
[2018-10-13 08:52:05,977] {jobs.py:343} DagFileProcessor38 INFO - Started process (PID=78111) to work on /Users/zhonghengli/Deep_Images_Hub/src/airflow/workspace/airflow_home/dags/local_model_training_procedure.py
[2018-10-13 08:52:05,984] {jobs.py:534} DagFileProcessor38 ERROR - Cannot use more than 1 thread when using sqlite. Setting max_threads to 1
[2018-10-13 08:52:05,985] {jobs.py:1521} DagFileProcessor38 INFO - Processing file /Users/zhonghengli/Deep_Images_Hub/src/airflow/workspace/airflow_home/dags/local_model_training_procedure.py for tasks to queue
[2018-10-13 08:52:05,985] {models.py:167} DagFileProcessor38 INFO - Filling up the DagBag from /Users/zhonghengli/Deep_Images_Hub/src/airflow/workspace/airflow_home/dags/local_model_training_procedure.py
[2018-10-13 08:52:06,467] {jobs.py:1535} DagFileProcessor38 INFO - DAG(s) dict_keys(['latest_only', 'example_python_operator', 'test_utils', 'example_bash_operator', 'example_short_circuit_operator', 'example_branch_operator', 'tutorial', 'example_passing_params_via_test_command', 'latest_only_with_trigger', 'example_xcom', 'example_http_operator', 'example_skip_dag', 'example_trigger_target_dag', 'example_branch_dop_operator_v3', 'example_subdag_operator', 'example_subdag_operator.section-1', 'example_subdag_operator.section-2', 'example_trigger_controller_dag', 'local_model_training']) retrieved from /Users/zhonghengli/Deep_Images_Hub/src/airflow/workspace/airflow_home/dags/local_model_training_procedure.py
[2018-10-13 08:52:06,706] {jobs.py:1169} DagFileProcessor38 INFO - Processing local_model_training
[2018-10-13 08:52:06,719] {jobs.py:566} DagFileProcessor38 INFO - Skipping SLA check for <DAG: local_model_training> because no tasks in DAG have SLAs
[2018-10-13 08:52:06,733] {models.py:322} DagFileProcessor38 INFO - Finding 'running' jobs without a recent heartbeat
[2018-10-13 08:52:06,734] {models.py:328} DagFileProcessor38 INFO - Failing jobs without heartbeat after 2018-10-13 08:47:06.734032
[2018-10-13 08:52:06,738] {jobs.py:351} DagFileProcessor38 INFO - Processing /Users/zhonghengli/Deep_Images_Hub/src/airflow/workspace/airflow_home/dags/local_model_training_procedure.py took 0.761 seconds
[2018-10-13 08:52:13,101] {jobs.py:343} DagFileProcessor42 INFO - Started process (PID=78122) to work on /Users/zhonghengli/Deep_Images_Hub/src/airflow/workspace/airflow_home/dags/local_model_training_procedure.py
[2018-10-13 08:52:13,106] {jobs.py:534} DagFileProcessor42 ERROR - Cannot use more than 1 thread when using sqlite. Setting max_threads to 1
[2018-10-13 08:52:13,107] {jobs.py:1521} DagFileProcessor42 INFO - Processing file /Users/zhonghengli/Deep_Images_Hub/src/airflow/workspace/airflow_home/dags/local_model_training_procedure.py for tasks to queue
[2018-10-13 08:52:13,108] {models.py:167} DagFileProcessor42 INFO - Filling up the DagBag from /Users/zhonghengli/Deep_Images_Hub/src/airflow/workspace/airflow_home/dags/local_model_training_procedure.py
[2018-10-13 08:52:13,573] {jobs.py:1535} DagFileProcessor42 INFO - DAG(s) dict_keys(['latest_only', 'example_python_operator', 'test_utils', 'example_bash_operator', 'example_short_circuit_operator', 'example_branch_operator', 'tutorial', 'example_passing_params_via_test_command', 'latest_only_with_trigger', 'example_xcom', 'example_http_operator', 'example_skip_dag', 'example_trigger_target_dag', 'example_branch_dop_operator_v3', 'example_subdag_operator', 'example_subdag_operator.section-1', 'example_subdag_operator.section-2', 'example_trigger_controller_dag', 'local_model_training']) retrieved from /Users/zhonghengli/Deep_Images_Hub/src/airflow/workspace/airflow_home/dags/local_model_training_procedure.py
[2018-10-13 08:52:13,762] {jobs.py:1169} DagFileProcessor42 INFO - Processing local_model_training
[2018-10-13 08:52:13,770] {jobs.py:566} DagFileProcessor42 INFO - Skipping SLA check for <DAG: local_model_training> because no tasks in DAG have SLAs
[2018-10-13 08:52:13,781] {models.py:322} DagFileProcessor42 INFO - Finding 'running' jobs without a recent heartbeat
[2018-10-13 08:52:13,782] {models.py:328} DagFileProcessor42 INFO - Failing jobs without heartbeat after 2018-10-13 08:47:13.782228
[2018-10-13 08:52:13,785] {jobs.py:351} DagFileProcessor42 INFO - Processing /Users/zhonghengli/Deep_Images_Hub/src/airflow/workspace/airflow_home/dags/local_model_training_procedure.py took 0.684 seconds
[2018-10-13 08:52:20,448] {jobs.py:343} DagFileProcessor46 INFO - Started process (PID=78126) to work on /Users/zhonghengli/Deep_Images_Hub/src/airflow/workspace/airflow_home/dags/local_model_training_procedure.py
[2018-10-13 08:52:20,453] {jobs.py:534} DagFileProcessor46 ERROR - Cannot use more than 1 thread when using sqlite. Setting max_threads to 1
[2018-10-13 08:52:20,455] {jobs.py:1521} DagFileProcessor46 INFO - Processing file /Users/zhonghengli/Deep_Images_Hub/src/airflow/workspace/airflow_home/dags/local_model_training_procedure.py for tasks to queue
[2018-10-13 08:52:20,455] {models.py:167} DagFileProcessor46 INFO - Filling up the DagBag from /Users/zhonghengli/Deep_Images_Hub/src/airflow/workspace/airflow_home/dags/local_model_training_procedure.py
[2018-10-13 08:52:20,875] {jobs.py:1535} DagFileProcessor46 INFO - DAG(s) dict_keys(['latest_only', 'example_python_operator', 'test_utils', 'example_bash_operator', 'example_short_circuit_operator', 'example_branch_operator', 'tutorial', 'example_passing_params_via_test_command', 'latest_only_with_trigger', 'example_xcom', 'example_http_operator', 'example_skip_dag', 'example_trigger_target_dag', 'example_branch_dop_operator_v3', 'example_subdag_operator', 'example_subdag_operator.section-1', 'example_subdag_operator.section-2', 'example_trigger_controller_dag', 'local_model_training']) retrieved from /Users/zhonghengli/Deep_Images_Hub/src/airflow/workspace/airflow_home/dags/local_model_training_procedure.py
[2018-10-13 08:52:21,054] {jobs.py:1169} DagFileProcessor46 INFO - Processing local_model_training
[2018-10-13 08:52:21,061] {jobs.py:566} DagFileProcessor46 INFO - Skipping SLA check for <DAG: local_model_training> because no tasks in DAG have SLAs
[2018-10-13 08:52:21,071] {models.py:322} DagFileProcessor46 INFO - Finding 'running' jobs without a recent heartbeat
[2018-10-13 08:52:21,071] {models.py:328} DagFileProcessor46 INFO - Failing jobs without heartbeat after 2018-10-13 08:47:21.071716
[2018-10-13 08:52:21,075] {jobs.py:351} DagFileProcessor46 INFO - Processing /Users/zhonghengli/Deep_Images_Hub/src/airflow/workspace/airflow_home/dags/local_model_training_procedure.py took 0.627 seconds
[2018-10-13 08:52:27,597] {jobs.py:343} DagFileProcessor50 INFO - Started process (PID=78130) to work on /Users/zhonghengli/Deep_Images_Hub/src/airflow/workspace/airflow_home/dags/local_model_training_procedure.py
[2018-10-13 08:52:27,604] {jobs.py:534} DagFileProcessor50 ERROR - Cannot use more than 1 thread when using sqlite. Setting max_threads to 1
[2018-10-13 08:52:27,605] {jobs.py:1521} DagFileProcessor50 INFO - Processing file /Users/zhonghengli/Deep_Images_Hub/src/airflow/workspace/airflow_home/dags/local_model_training_procedure.py for tasks to queue
[2018-10-13 08:52:27,606] {models.py:167} DagFileProcessor50 INFO - Filling up the DagBag from /Users/zhonghengli/Deep_Images_Hub/src/airflow/workspace/airflow_home/dags/local_model_training_procedure.py
[2018-10-13 08:52:28,191] {jobs.py:1535} DagFileProcessor50 INFO - DAG(s) dict_keys(['latest_only', 'example_python_operator', 'test_utils', 'example_bash_operator', 'example_short_circuit_operator', 'example_branch_operator', 'tutorial', 'example_passing_params_via_test_command', 'latest_only_with_trigger', 'example_xcom', 'example_http_operator', 'example_skip_dag', 'example_trigger_target_dag', 'example_branch_dop_operator_v3', 'example_subdag_operator', 'example_subdag_operator.section-1', 'example_subdag_operator.section-2', 'example_trigger_controller_dag', 'local_model_training']) retrieved from /Users/zhonghengli/Deep_Images_Hub/src/airflow/workspace/airflow_home/dags/local_model_training_procedure.py
[2018-10-13 08:52:28,346] {jobs.py:1169} DagFileProcessor50 INFO - Processing local_model_training
[2018-10-13 08:52:28,355] {jobs.py:566} DagFileProcessor50 INFO - Skipping SLA check for <DAG: local_model_training> because no tasks in DAG have SLAs
[2018-10-13 08:52:28,367] {models.py:322} DagFileProcessor50 INFO - Finding 'running' jobs without a recent heartbeat
[2018-10-13 08:52:28,368] {models.py:328} DagFileProcessor50 INFO - Failing jobs without heartbeat after 2018-10-13 08:47:28.367840
[2018-10-13 08:52:28,371] {jobs.py:351} DagFileProcessor50 INFO - Processing /Users/zhonghengli/Deep_Images_Hub/src/airflow/workspace/airflow_home/dags/local_model_training_procedure.py took 0.773 seconds
[2018-10-13 08:52:34,633] {jobs.py:343} DagFileProcessor54 INFO - Started process (PID=78145) to work on /Users/zhonghengli/Deep_Images_Hub/src/airflow/workspace/airflow_home/dags/local_model_training_procedure.py
[2018-10-13 08:52:34,639] {jobs.py:534} DagFileProcessor54 ERROR - Cannot use more than 1 thread when using sqlite. Setting max_threads to 1
[2018-10-13 08:52:34,640] {jobs.py:1521} DagFileProcessor54 INFO - Processing file /Users/zhonghengli/Deep_Images_Hub/src/airflow/workspace/airflow_home/dags/local_model_training_procedure.py for tasks to queue
[2018-10-13 08:52:34,641] {models.py:167} DagFileProcessor54 INFO - Filling up the DagBag from /Users/zhonghengli/Deep_Images_Hub/src/airflow/workspace/airflow_home/dags/local_model_training_procedure.py
[2018-10-13 08:52:35,080] {jobs.py:1535} DagFileProcessor54 INFO - DAG(s) dict_keys(['latest_only', 'example_python_operator', 'test_utils', 'example_bash_operator', 'example_short_circuit_operator', 'example_branch_operator', 'tutorial', 'example_passing_params_via_test_command', 'latest_only_with_trigger', 'example_xcom', 'example_http_operator', 'example_skip_dag', 'example_trigger_target_dag', 'example_branch_dop_operator_v3', 'example_subdag_operator', 'example_subdag_operator.section-1', 'example_subdag_operator.section-2', 'example_trigger_controller_dag', 'local_model_training']) retrieved from /Users/zhonghengli/Deep_Images_Hub/src/airflow/workspace/airflow_home/dags/local_model_training_procedure.py
[2018-10-13 08:52:35,233] {jobs.py:1169} DagFileProcessor54 INFO - Processing local_model_training
[2018-10-13 08:52:35,241] {jobs.py:566} DagFileProcessor54 INFO - Skipping SLA check for <DAG: local_model_training> because no tasks in DAG have SLAs
[2018-10-13 08:52:35,252] {models.py:322} DagFileProcessor54 INFO - Finding 'running' jobs without a recent heartbeat
[2018-10-13 08:52:35,253] {models.py:328} DagFileProcessor54 INFO - Failing jobs without heartbeat after 2018-10-13 08:47:35.252730
[2018-10-13 08:52:35,256] {jobs.py:351} DagFileProcessor54 INFO - Processing /Users/zhonghengli/Deep_Images_Hub/src/airflow/workspace/airflow_home/dags/local_model_training_procedure.py took 0.623 seconds
[2018-10-13 08:52:41,552] {jobs.py:343} DagFileProcessor58 INFO - Started process (PID=78149) to work on /Users/zhonghengli/Deep_Images_Hub/src/airflow/workspace/airflow_home/dags/local_model_training_procedure.py
[2018-10-13 08:52:41,557] {jobs.py:534} DagFileProcessor58 ERROR - Cannot use more than 1 thread when using sqlite. Setting max_threads to 1
[2018-10-13 08:52:41,558] {jobs.py:1521} DagFileProcessor58 INFO - Processing file /Users/zhonghengli/Deep_Images_Hub/src/airflow/workspace/airflow_home/dags/local_model_training_procedure.py for tasks to queue
[2018-10-13 08:52:41,559] {models.py:167} DagFileProcessor58 INFO - Filling up the DagBag from /Users/zhonghengli/Deep_Images_Hub/src/airflow/workspace/airflow_home/dags/local_model_training_procedure.py
[2018-10-13 08:52:42,172] {jobs.py:1535} DagFileProcessor58 INFO - DAG(s) dict_keys(['latest_only', 'example_python_operator', 'test_utils', 'example_bash_operator', 'example_short_circuit_operator', 'example_branch_operator', 'tutorial', 'example_passing_params_via_test_command', 'latest_only_with_trigger', 'example_xcom', 'example_http_operator', 'example_skip_dag', 'example_trigger_target_dag', 'example_branch_dop_operator_v3', 'example_subdag_operator', 'example_subdag_operator.section-1', 'example_subdag_operator.section-2', 'example_trigger_controller_dag', 'local_model_training']) retrieved from /Users/zhonghengli/Deep_Images_Hub/src/airflow/workspace/airflow_home/dags/local_model_training_procedure.py
[2018-10-13 08:52:42,322] {jobs.py:1169} DagFileProcessor58 INFO - Processing local_model_training
[2018-10-13 08:52:42,329] {jobs.py:566} DagFileProcessor58 INFO - Skipping SLA check for <DAG: local_model_training> because no tasks in DAG have SLAs
[2018-10-13 08:52:42,340] {models.py:322} DagFileProcessor58 INFO - Finding 'running' jobs without a recent heartbeat
[2018-10-13 08:52:42,341] {models.py:328} DagFileProcessor58 INFO - Failing jobs without heartbeat after 2018-10-13 08:47:42.341268
[2018-10-13 08:52:42,346] {jobs.py:351} DagFileProcessor58 INFO - Processing /Users/zhonghengli/Deep_Images_Hub/src/airflow/workspace/airflow_home/dags/local_model_training_procedure.py took 0.794 seconds
[2018-10-13 08:52:48,599] {jobs.py:343} DagFileProcessor62 INFO - Started process (PID=78153) to work on /Users/zhonghengli/Deep_Images_Hub/src/airflow/workspace/airflow_home/dags/local_model_training_procedure.py
[2018-10-13 08:52:48,604] {jobs.py:534} DagFileProcessor62 ERROR - Cannot use more than 1 thread when using sqlite. Setting max_threads to 1
[2018-10-13 08:52:48,605] {jobs.py:1521} DagFileProcessor62 INFO - Processing file /Users/zhonghengli/Deep_Images_Hub/src/airflow/workspace/airflow_home/dags/local_model_training_procedure.py for tasks to queue
[2018-10-13 08:52:48,606] {models.py:167} DagFileProcessor62 INFO - Filling up the DagBag from /Users/zhonghengli/Deep_Images_Hub/src/airflow/workspace/airflow_home/dags/local_model_training_procedure.py
[2018-10-13 08:52:49,123] {jobs.py:1535} DagFileProcessor62 INFO - DAG(s) dict_keys(['latest_only', 'example_python_operator', 'test_utils', 'example_bash_operator', 'example_short_circuit_operator', 'example_branch_operator', 'tutorial', 'example_passing_params_via_test_command', 'latest_only_with_trigger', 'example_xcom', 'example_http_operator', 'example_skip_dag', 'example_trigger_target_dag', 'example_branch_dop_operator_v3', 'example_subdag_operator', 'example_subdag_operator.section-1', 'example_subdag_operator.section-2', 'example_trigger_controller_dag', 'local_model_training']) retrieved from /Users/zhonghengli/Deep_Images_Hub/src/airflow/workspace/airflow_home/dags/local_model_training_procedure.py
[2018-10-13 08:52:49,262] {jobs.py:1169} DagFileProcessor62 INFO - Processing local_model_training
[2018-10-13 08:52:49,270] {jobs.py:566} DagFileProcessor62 INFO - Skipping SLA check for <DAG: local_model_training> because no tasks in DAG have SLAs
[2018-10-13 08:52:49,280] {models.py:322} DagFileProcessor62 INFO - Finding 'running' jobs without a recent heartbeat
[2018-10-13 08:52:49,281] {models.py:328} DagFileProcessor62 INFO - Failing jobs without heartbeat after 2018-10-13 08:47:49.280987
[2018-10-13 08:52:49,284] {jobs.py:351} DagFileProcessor62 INFO - Processing /Users/zhonghengli/Deep_Images_Hub/src/airflow/workspace/airflow_home/dags/local_model_training_procedure.py took 0.685 seconds
[2018-10-13 08:52:55,539] {jobs.py:343} DagFileProcessor66 INFO - Started process (PID=78157) to work on /Users/zhonghengli/Deep_Images_Hub/src/airflow/workspace/airflow_home/dags/local_model_training_procedure.py
[2018-10-13 08:52:55,543] {jobs.py:534} DagFileProcessor66 ERROR - Cannot use more than 1 thread when using sqlite. Setting max_threads to 1
[2018-10-13 08:52:55,544] {jobs.py:1521} DagFileProcessor66 INFO - Processing file /Users/zhonghengli/Deep_Images_Hub/src/airflow/workspace/airflow_home/dags/local_model_training_procedure.py for tasks to queue
[2018-10-13 08:52:55,545] {models.py:167} DagFileProcessor66 INFO - Filling up the DagBag from /Users/zhonghengli/Deep_Images_Hub/src/airflow/workspace/airflow_home/dags/local_model_training_procedure.py
[2018-10-13 08:52:56,014] {jobs.py:1535} DagFileProcessor66 INFO - DAG(s) dict_keys(['latest_only', 'example_python_operator', 'test_utils', 'example_bash_operator', 'example_short_circuit_operator', 'example_branch_operator', 'tutorial', 'example_passing_params_via_test_command', 'latest_only_with_trigger', 'example_xcom', 'example_http_operator', 'example_skip_dag', 'example_trigger_target_dag', 'example_branch_dop_operator_v3', 'example_subdag_operator', 'example_subdag_operator.section-1', 'example_subdag_operator.section-2', 'example_trigger_controller_dag', 'local_model_training']) retrieved from /Users/zhonghengli/Deep_Images_Hub/src/airflow/workspace/airflow_home/dags/local_model_training_procedure.py
[2018-10-13 08:52:56,142] {jobs.py:1169} DagFileProcessor66 INFO - Processing local_model_training
[2018-10-13 08:52:56,150] {jobs.py:566} DagFileProcessor66 INFO - Skipping SLA check for <DAG: local_model_training> because no tasks in DAG have SLAs
[2018-10-13 08:52:56,161] {models.py:322} DagFileProcessor66 INFO - Finding 'running' jobs without a recent heartbeat
[2018-10-13 08:52:56,161] {models.py:328} DagFileProcessor66 INFO - Failing jobs without heartbeat after 2018-10-13 08:47:56.161633
[2018-10-13 08:52:56,165] {jobs.py:351} DagFileProcessor66 INFO - Processing /Users/zhonghengli/Deep_Images_Hub/src/airflow/workspace/airflow_home/dags/local_model_training_procedure.py took 0.627 seconds
[2018-10-13 08:53:02,758] {jobs.py:343} DagFileProcessor70 INFO - Started process (PID=78161) to work on /Users/zhonghengli/Deep_Images_Hub/src/airflow/workspace/airflow_home/dags/local_model_training_procedure.py
[2018-10-13 08:53:02,762] {jobs.py:534} DagFileProcessor70 ERROR - Cannot use more than 1 thread when using sqlite. Setting max_threads to 1
[2018-10-13 08:53:02,763] {jobs.py:1521} DagFileProcessor70 INFO - Processing file /Users/zhonghengli/Deep_Images_Hub/src/airflow/workspace/airflow_home/dags/local_model_training_procedure.py for tasks to queue
[2018-10-13 08:53:02,764] {models.py:167} DagFileProcessor70 INFO - Filling up the DagBag from /Users/zhonghengli/Deep_Images_Hub/src/airflow/workspace/airflow_home/dags/local_model_training_procedure.py
[2018-10-13 08:53:03,239] {jobs.py:1535} DagFileProcessor70 INFO - DAG(s) dict_keys(['latest_only', 'example_python_operator', 'test_utils', 'example_bash_operator', 'example_short_circuit_operator', 'example_branch_operator', 'tutorial', 'example_passing_params_via_test_command', 'latest_only_with_trigger', 'example_xcom', 'example_http_operator', 'example_skip_dag', 'example_trigger_target_dag', 'example_branch_dop_operator_v3', 'example_subdag_operator', 'example_subdag_operator.section-1', 'example_subdag_operator.section-2', 'example_trigger_controller_dag', 'local_model_training']) retrieved from /Users/zhonghengli/Deep_Images_Hub/src/airflow/workspace/airflow_home/dags/local_model_training_procedure.py
[2018-10-13 08:53:03,371] {jobs.py:1169} DagFileProcessor70 INFO - Processing local_model_training
[2018-10-13 08:53:03,378] {jobs.py:566} DagFileProcessor70 INFO - Skipping SLA check for <DAG: local_model_training> because no tasks in DAG have SLAs
[2018-10-13 08:53:03,390] {models.py:322} DagFileProcessor70 INFO - Finding 'running' jobs without a recent heartbeat
[2018-10-13 08:53:03,390] {models.py:328} DagFileProcessor70 INFO - Failing jobs without heartbeat after 2018-10-13 08:48:03.390430
[2018-10-13 08:53:03,394] {jobs.py:351} DagFileProcessor70 INFO - Processing /Users/zhonghengli/Deep_Images_Hub/src/airflow/workspace/airflow_home/dags/local_model_training_procedure.py took 0.635 seconds
[2018-10-13 08:53:10,204] {jobs.py:343} DagFileProcessor74 INFO - Started process (PID=78165) to work on /Users/zhonghengli/Deep_Images_Hub/src/airflow/workspace/airflow_home/dags/local_model_training_procedure.py
[2018-10-13 08:53:10,211] {jobs.py:534} DagFileProcessor74 ERROR - Cannot use more than 1 thread when using sqlite. Setting max_threads to 1
[2018-10-13 08:53:10,213] {jobs.py:1521} DagFileProcessor74 INFO - Processing file /Users/zhonghengli/Deep_Images_Hub/src/airflow/workspace/airflow_home/dags/local_model_training_procedure.py for tasks to queue
[2018-10-13 08:53:10,213] {models.py:167} DagFileProcessor74 INFO - Filling up the DagBag from /Users/zhonghengli/Deep_Images_Hub/src/airflow/workspace/airflow_home/dags/local_model_training_procedure.py
[2018-10-13 08:53:10,715] {jobs.py:1535} DagFileProcessor74 INFO - DAG(s) dict_keys(['latest_only', 'example_python_operator', 'test_utils', 'example_bash_operator', 'example_short_circuit_operator', 'example_branch_operator', 'tutorial', 'example_passing_params_via_test_command', 'latest_only_with_trigger', 'example_xcom', 'example_http_operator', 'example_skip_dag', 'example_trigger_target_dag', 'example_branch_dop_operator_v3', 'example_subdag_operator', 'example_subdag_operator.section-1', 'example_subdag_operator.section-2', 'example_trigger_controller_dag', 'local_model_training']) retrieved from /Users/zhonghengli/Deep_Images_Hub/src/airflow/workspace/airflow_home/dags/local_model_training_procedure.py
[2018-10-13 08:53:10,838] {jobs.py:1169} DagFileProcessor74 INFO - Processing local_model_training
[2018-10-13 08:53:10,845] {jobs.py:566} DagFileProcessor74 INFO - Skipping SLA check for <DAG: local_model_training> because no tasks in DAG have SLAs
[2018-10-13 08:53:10,857] {models.py:322} DagFileProcessor74 INFO - Finding 'running' jobs without a recent heartbeat
[2018-10-13 08:53:10,857] {models.py:328} DagFileProcessor74 INFO - Failing jobs without heartbeat after 2018-10-13 08:48:10.857380
[2018-10-13 08:53:10,860] {jobs.py:351} DagFileProcessor74 INFO - Processing /Users/zhonghengli/Deep_Images_Hub/src/airflow/workspace/airflow_home/dags/local_model_training_procedure.py took 0.656 seconds
