[2018-10-13 08:50:45,469] {jobs.py:343} DagFileProcessor1 INFO - Started process (PID=78039) to work on /Users/zhonghengli/Deep_Images_Hub/src/airflow/workspace/airflow_home/dags/user_images_upload_simulation.py
[2018-10-13 08:50:45,474] {jobs.py:534} DagFileProcessor1 ERROR - Cannot use more than 1 thread when using sqlite. Setting max_threads to 1
[2018-10-13 08:50:45,475] {jobs.py:1521} DagFileProcessor1 INFO - Processing file /Users/zhonghengli/Deep_Images_Hub/src/airflow/workspace/airflow_home/dags/user_images_upload_simulation.py for tasks to queue
[2018-10-13 08:50:45,476] {models.py:167} DagFileProcessor1 INFO - Filling up the DagBag from /Users/zhonghengli/Deep_Images_Hub/src/airflow/workspace/airflow_home/dags/user_images_upload_simulation.py
/anaconda3/lib/python3.6/site-packages/airflow/utils/helpers.py:406: DeprecationWarning: Importing PythonOperator directly from <module 'airflow.operators' from '/anaconda3/lib/python3.6/site-packages/airflow/operators/__init__.py'> has been deprecated. Please import from '<module 'airflow.operators' from '/anaconda3/lib/python3.6/site-packages/airflow/operators/__init__.py'>.[operator_module]' instead. Support for direct imports will be dropped entirely in Airflow 2.0.
  DeprecationWarning)
[2018-10-13 08:50:45,927] {jobs.py:1535} DagFileProcessor1 INFO - DAG(s) dict_keys(['latest_only', 'example_python_operator', 'test_utils', 'example_bash_operator', 'example_short_circuit_operator', 'example_branch_operator', 'tutorial', 'example_passing_params_via_test_command', 'latest_only_with_trigger', 'example_xcom', 'example_http_operator', 'example_skip_dag', 'example_trigger_target_dag', 'example_branch_dop_operator_v3', 'example_subdag_operator', 'example_subdag_operator.section-1', 'example_subdag_operator.section-2', 'example_trigger_controller_dag', 'image_submission_simulation']) retrieved from /Users/zhonghengli/Deep_Images_Hub/src/airflow/workspace/airflow_home/dags/user_images_upload_simulation.py
[2018-10-13 08:50:46,063] {models.py:322} DagFileProcessor1 INFO - Finding 'running' jobs without a recent heartbeat
[2018-10-13 08:50:46,064] {models.py:328} DagFileProcessor1 INFO - Failing jobs without heartbeat after 2018-10-13 08:45:46.063874
[2018-10-13 08:50:46,067] {jobs.py:351} DagFileProcessor1 INFO - Processing /Users/zhonghengli/Deep_Images_Hub/src/airflow/workspace/airflow_home/dags/user_images_upload_simulation.py took 0.599 seconds
[2018-10-13 08:50:52,184] {jobs.py:343} DagFileProcessor5 INFO - Started process (PID=78043) to work on /Users/zhonghengli/Deep_Images_Hub/src/airflow/workspace/airflow_home/dags/user_images_upload_simulation.py
[2018-10-13 08:50:52,191] {jobs.py:534} DagFileProcessor5 ERROR - Cannot use more than 1 thread when using sqlite. Setting max_threads to 1
[2018-10-13 08:50:52,193] {jobs.py:1521} DagFileProcessor5 INFO - Processing file /Users/zhonghengli/Deep_Images_Hub/src/airflow/workspace/airflow_home/dags/user_images_upload_simulation.py for tasks to queue
[2018-10-13 08:50:52,194] {models.py:167} DagFileProcessor5 INFO - Filling up the DagBag from /Users/zhonghengli/Deep_Images_Hub/src/airflow/workspace/airflow_home/dags/user_images_upload_simulation.py
/anaconda3/lib/python3.6/site-packages/airflow/utils/helpers.py:406: DeprecationWarning: Importing PythonOperator directly from <module 'airflow.operators' from '/anaconda3/lib/python3.6/site-packages/airflow/operators/__init__.py'> has been deprecated. Please import from '<module 'airflow.operators' from '/anaconda3/lib/python3.6/site-packages/airflow/operators/__init__.py'>.[operator_module]' instead. Support for direct imports will be dropped entirely in Airflow 2.0.
  DeprecationWarning)
[2018-10-13 08:50:52,877] {jobs.py:1535} DagFileProcessor5 INFO - DAG(s) dict_keys(['latest_only', 'example_python_operator', 'test_utils', 'example_bash_operator', 'example_short_circuit_operator', 'example_branch_operator', 'tutorial', 'example_passing_params_via_test_command', 'latest_only_with_trigger', 'example_xcom', 'example_http_operator', 'example_skip_dag', 'example_trigger_target_dag', 'example_branch_dop_operator_v3', 'example_subdag_operator', 'example_subdag_operator.section-1', 'example_subdag_operator.section-2', 'example_trigger_controller_dag', 'image_submission_simulation']) retrieved from /Users/zhonghengli/Deep_Images_Hub/src/airflow/workspace/airflow_home/dags/user_images_upload_simulation.py
[2018-10-13 08:50:53,025] {models.py:322} DagFileProcessor5 INFO - Finding 'running' jobs without a recent heartbeat
[2018-10-13 08:50:53,026] {models.py:328} DagFileProcessor5 INFO - Failing jobs without heartbeat after 2018-10-13 08:45:53.025981
[2018-10-13 08:50:53,030] {jobs.py:351} DagFileProcessor5 INFO - Processing /Users/zhonghengli/Deep_Images_Hub/src/airflow/workspace/airflow_home/dags/user_images_upload_simulation.py took 0.846 seconds
[2018-10-13 08:50:59,311] {jobs.py:343} DagFileProcessor9 INFO - Started process (PID=78047) to work on /Users/zhonghengli/Deep_Images_Hub/src/airflow/workspace/airflow_home/dags/user_images_upload_simulation.py
[2018-10-13 08:50:59,322] {jobs.py:534} DagFileProcessor9 ERROR - Cannot use more than 1 thread when using sqlite. Setting max_threads to 1
[2018-10-13 08:50:59,324] {jobs.py:1521} DagFileProcessor9 INFO - Processing file /Users/zhonghengli/Deep_Images_Hub/src/airflow/workspace/airflow_home/dags/user_images_upload_simulation.py for tasks to queue
[2018-10-13 08:50:59,325] {models.py:167} DagFileProcessor9 INFO - Filling up the DagBag from /Users/zhonghengli/Deep_Images_Hub/src/airflow/workspace/airflow_home/dags/user_images_upload_simulation.py
/anaconda3/lib/python3.6/site-packages/airflow/utils/helpers.py:406: DeprecationWarning: Importing PythonOperator directly from <module 'airflow.operators' from '/anaconda3/lib/python3.6/site-packages/airflow/operators/__init__.py'> has been deprecated. Please import from '<module 'airflow.operators' from '/anaconda3/lib/python3.6/site-packages/airflow/operators/__init__.py'>.[operator_module]' instead. Support for direct imports will be dropped entirely in Airflow 2.0.
  DeprecationWarning)
[2018-10-13 08:51:00,168] {jobs.py:1535} DagFileProcessor9 INFO - DAG(s) dict_keys(['latest_only', 'example_python_operator', 'test_utils', 'example_bash_operator', 'example_short_circuit_operator', 'example_branch_operator', 'tutorial', 'example_passing_params_via_test_command', 'latest_only_with_trigger', 'example_xcom', 'example_http_operator', 'example_skip_dag', 'example_trigger_target_dag', 'example_branch_dop_operator_v3', 'example_subdag_operator', 'example_subdag_operator.section-1', 'example_subdag_operator.section-2', 'example_trigger_controller_dag', 'image_submission_simulation']) retrieved from /Users/zhonghengli/Deep_Images_Hub/src/airflow/workspace/airflow_home/dags/user_images_upload_simulation.py
[2018-10-13 08:51:00,391] {models.py:322} DagFileProcessor9 INFO - Finding 'running' jobs without a recent heartbeat
[2018-10-13 08:51:00,392] {models.py:328} DagFileProcessor9 INFO - Failing jobs without heartbeat after 2018-10-13 08:46:00.391930
[2018-10-13 08:51:00,398] {jobs.py:351} DagFileProcessor9 INFO - Processing /Users/zhonghengli/Deep_Images_Hub/src/airflow/workspace/airflow_home/dags/user_images_upload_simulation.py took 1.087 seconds
[2018-10-13 08:51:06,671] {jobs.py:343} DagFileProcessor13 INFO - Started process (PID=78051) to work on /Users/zhonghengli/Deep_Images_Hub/src/airflow/workspace/airflow_home/dags/user_images_upload_simulation.py
[2018-10-13 08:51:06,679] {jobs.py:534} DagFileProcessor13 ERROR - Cannot use more than 1 thread when using sqlite. Setting max_threads to 1
[2018-10-13 08:51:06,682] {jobs.py:1521} DagFileProcessor13 INFO - Processing file /Users/zhonghengli/Deep_Images_Hub/src/airflow/workspace/airflow_home/dags/user_images_upload_simulation.py for tasks to queue
[2018-10-13 08:51:06,683] {models.py:167} DagFileProcessor13 INFO - Filling up the DagBag from /Users/zhonghengli/Deep_Images_Hub/src/airflow/workspace/airflow_home/dags/user_images_upload_simulation.py
/anaconda3/lib/python3.6/site-packages/airflow/utils/helpers.py:406: DeprecationWarning: Importing PythonOperator directly from <module 'airflow.operators' from '/anaconda3/lib/python3.6/site-packages/airflow/operators/__init__.py'> has been deprecated. Please import from '<module 'airflow.operators' from '/anaconda3/lib/python3.6/site-packages/airflow/operators/__init__.py'>.[operator_module]' instead. Support for direct imports will be dropped entirely in Airflow 2.0.
  DeprecationWarning)
[2018-10-13 08:51:07,689] {jobs.py:1535} DagFileProcessor13 INFO - DAG(s) dict_keys(['latest_only', 'example_python_operator', 'test_utils', 'example_bash_operator', 'example_short_circuit_operator', 'example_branch_operator', 'tutorial', 'example_passing_params_via_test_command', 'latest_only_with_trigger', 'example_xcom', 'example_http_operator', 'example_skip_dag', 'example_trigger_target_dag', 'example_branch_dop_operator_v3', 'example_subdag_operator', 'example_subdag_operator.section-1', 'example_subdag_operator.section-2', 'example_trigger_controller_dag', 'image_submission_simulation']) retrieved from /Users/zhonghengli/Deep_Images_Hub/src/airflow/workspace/airflow_home/dags/user_images_upload_simulation.py
[2018-10-13 08:51:07,886] {models.py:322} DagFileProcessor13 INFO - Finding 'running' jobs without a recent heartbeat
[2018-10-13 08:51:07,887] {models.py:328} DagFileProcessor13 INFO - Failing jobs without heartbeat after 2018-10-13 08:46:07.887269
[2018-10-13 08:51:07,891] {jobs.py:351} DagFileProcessor13 INFO - Processing /Users/zhonghengli/Deep_Images_Hub/src/airflow/workspace/airflow_home/dags/user_images_upload_simulation.py took 1.220 seconds
[2018-10-13 08:51:20,916] {jobs.py:343} DagFileProcessor17 INFO - Started process (PID=78058) to work on /Users/zhonghengli/Deep_Images_Hub/src/airflow/workspace/airflow_home/dags/user_images_upload_simulation.py
[2018-10-13 08:51:20,921] {jobs.py:534} DagFileProcessor17 ERROR - Cannot use more than 1 thread when using sqlite. Setting max_threads to 1
[2018-10-13 08:51:20,922] {jobs.py:1521} DagFileProcessor17 INFO - Processing file /Users/zhonghengli/Deep_Images_Hub/src/airflow/workspace/airflow_home/dags/user_images_upload_simulation.py for tasks to queue
[2018-10-13 08:51:20,922] {models.py:167} DagFileProcessor17 INFO - Filling up the DagBag from /Users/zhonghengli/Deep_Images_Hub/src/airflow/workspace/airflow_home/dags/user_images_upload_simulation.py
/anaconda3/lib/python3.6/site-packages/airflow/utils/helpers.py:406: DeprecationWarning: Importing PythonOperator directly from <module 'airflow.operators' from '/anaconda3/lib/python3.6/site-packages/airflow/operators/__init__.py'> has been deprecated. Please import from '<module 'airflow.operators' from '/anaconda3/lib/python3.6/site-packages/airflow/operators/__init__.py'>.[operator_module]' instead. Support for direct imports will be dropped entirely in Airflow 2.0.
  DeprecationWarning)
[2018-10-13 08:51:21,406] {jobs.py:1535} DagFileProcessor17 INFO - DAG(s) dict_keys(['latest_only', 'example_python_operator', 'test_utils', 'example_bash_operator', 'example_short_circuit_operator', 'example_branch_operator', 'tutorial', 'example_passing_params_via_test_command', 'latest_only_with_trigger', 'example_xcom', 'example_http_operator', 'example_skip_dag', 'example_trigger_target_dag', 'example_branch_dop_operator_v3', 'example_subdag_operator', 'example_subdag_operator.section-1', 'example_subdag_operator.section-2', 'example_trigger_controller_dag', 'image_submission_simulation']) retrieved from /Users/zhonghengli/Deep_Images_Hub/src/airflow/workspace/airflow_home/dags/user_images_upload_simulation.py
[2018-10-13 08:51:21,605] {models.py:322} DagFileProcessor17 INFO - Finding 'running' jobs without a recent heartbeat
[2018-10-13 08:51:21,606] {models.py:328} DagFileProcessor17 INFO - Failing jobs without heartbeat after 2018-10-13 08:46:21.606394
[2018-10-13 08:51:21,610] {jobs.py:351} DagFileProcessor17 INFO - Processing /Users/zhonghengli/Deep_Images_Hub/src/airflow/workspace/airflow_home/dags/user_images_upload_simulation.py took 0.695 seconds
[2018-10-13 08:51:34,640] {jobs.py:343} DagFileProcessor21 INFO - Started process (PID=78094) to work on /Users/zhonghengli/Deep_Images_Hub/src/airflow/workspace/airflow_home/dags/user_images_upload_simulation.py
[2018-10-13 08:51:34,645] {jobs.py:534} DagFileProcessor21 ERROR - Cannot use more than 1 thread when using sqlite. Setting max_threads to 1
[2018-10-13 08:51:34,647] {jobs.py:1521} DagFileProcessor21 INFO - Processing file /Users/zhonghengli/Deep_Images_Hub/src/airflow/workspace/airflow_home/dags/user_images_upload_simulation.py for tasks to queue
[2018-10-13 08:51:34,647] {models.py:167} DagFileProcessor21 INFO - Filling up the DagBag from /Users/zhonghengli/Deep_Images_Hub/src/airflow/workspace/airflow_home/dags/user_images_upload_simulation.py
/anaconda3/lib/python3.6/site-packages/airflow/utils/helpers.py:406: DeprecationWarning: Importing PythonOperator directly from <module 'airflow.operators' from '/anaconda3/lib/python3.6/site-packages/airflow/operators/__init__.py'> has been deprecated. Please import from '<module 'airflow.operators' from '/anaconda3/lib/python3.6/site-packages/airflow/operators/__init__.py'>.[operator_module]' instead. Support for direct imports will be dropped entirely in Airflow 2.0.
  DeprecationWarning)
[2018-10-13 08:51:35,113] {jobs.py:1535} DagFileProcessor21 INFO - DAG(s) dict_keys(['latest_only', 'example_python_operator', 'test_utils', 'example_bash_operator', 'example_short_circuit_operator', 'example_branch_operator', 'tutorial', 'example_passing_params_via_test_command', 'latest_only_with_trigger', 'example_xcom', 'example_http_operator', 'example_skip_dag', 'example_trigger_target_dag', 'example_branch_dop_operator_v3', 'example_subdag_operator', 'example_subdag_operator.section-1', 'example_subdag_operator.section-2', 'example_trigger_controller_dag', 'image_submission_simulation']) retrieved from /Users/zhonghengli/Deep_Images_Hub/src/airflow/workspace/airflow_home/dags/user_images_upload_simulation.py
[2018-10-13 08:51:35,326] {models.py:322} DagFileProcessor21 INFO - Finding 'running' jobs without a recent heartbeat
[2018-10-13 08:51:35,326] {models.py:328} DagFileProcessor21 INFO - Failing jobs without heartbeat after 2018-10-13 08:46:35.326588
[2018-10-13 08:51:35,330] {jobs.py:351} DagFileProcessor21 INFO - Processing /Users/zhonghengli/Deep_Images_Hub/src/airflow/workspace/airflow_home/dags/user_images_upload_simulation.py took 0.690 seconds
[2018-10-13 08:51:42,105] {jobs.py:343} DagFileProcessor25 INFO - Started process (PID=78098) to work on /Users/zhonghengli/Deep_Images_Hub/src/airflow/workspace/airflow_home/dags/user_images_upload_simulation.py
[2018-10-13 08:51:42,114] {jobs.py:534} DagFileProcessor25 ERROR - Cannot use more than 1 thread when using sqlite. Setting max_threads to 1
[2018-10-13 08:51:42,116] {jobs.py:1521} DagFileProcessor25 INFO - Processing file /Users/zhonghengli/Deep_Images_Hub/src/airflow/workspace/airflow_home/dags/user_images_upload_simulation.py for tasks to queue
[2018-10-13 08:51:42,116] {models.py:167} DagFileProcessor25 INFO - Filling up the DagBag from /Users/zhonghengli/Deep_Images_Hub/src/airflow/workspace/airflow_home/dags/user_images_upload_simulation.py
/anaconda3/lib/python3.6/site-packages/airflow/utils/helpers.py:406: DeprecationWarning: Importing PythonOperator directly from <module 'airflow.operators' from '/anaconda3/lib/python3.6/site-packages/airflow/operators/__init__.py'> has been deprecated. Please import from '<module 'airflow.operators' from '/anaconda3/lib/python3.6/site-packages/airflow/operators/__init__.py'>.[operator_module]' instead. Support for direct imports will be dropped entirely in Airflow 2.0.
  DeprecationWarning)
[2018-10-13 08:51:42,700] {jobs.py:1535} DagFileProcessor25 INFO - DAG(s) dict_keys(['latest_only', 'example_python_operator', 'test_utils', 'example_bash_operator', 'example_short_circuit_operator', 'example_branch_operator', 'tutorial', 'example_passing_params_via_test_command', 'latest_only_with_trigger', 'example_xcom', 'example_http_operator', 'example_skip_dag', 'example_trigger_target_dag', 'example_branch_dop_operator_v3', 'example_subdag_operator', 'example_subdag_operator.section-1', 'example_subdag_operator.section-2', 'example_trigger_controller_dag', 'image_submission_simulation']) retrieved from /Users/zhonghengli/Deep_Images_Hub/src/airflow/workspace/airflow_home/dags/user_images_upload_simulation.py
[2018-10-13 08:51:42,898] {models.py:322} DagFileProcessor25 INFO - Finding 'running' jobs without a recent heartbeat
[2018-10-13 08:51:42,898] {models.py:328} DagFileProcessor25 INFO - Failing jobs without heartbeat after 2018-10-13 08:46:42.898592
[2018-10-13 08:51:42,902] {jobs.py:351} DagFileProcessor25 INFO - Processing /Users/zhonghengli/Deep_Images_Hub/src/airflow/workspace/airflow_home/dags/user_images_upload_simulation.py took 0.797 seconds
[2018-10-13 08:51:49,571] {jobs.py:343} DagFileProcessor29 INFO - Started process (PID=78102) to work on /Users/zhonghengli/Deep_Images_Hub/src/airflow/workspace/airflow_home/dags/user_images_upload_simulation.py
[2018-10-13 08:51:49,579] {jobs.py:534} DagFileProcessor29 ERROR - Cannot use more than 1 thread when using sqlite. Setting max_threads to 1
[2018-10-13 08:51:49,580] {jobs.py:1521} DagFileProcessor29 INFO - Processing file /Users/zhonghengli/Deep_Images_Hub/src/airflow/workspace/airflow_home/dags/user_images_upload_simulation.py for tasks to queue
[2018-10-13 08:51:49,581] {models.py:167} DagFileProcessor29 INFO - Filling up the DagBag from /Users/zhonghengli/Deep_Images_Hub/src/airflow/workspace/airflow_home/dags/user_images_upload_simulation.py
/anaconda3/lib/python3.6/site-packages/airflow/utils/helpers.py:406: DeprecationWarning: Importing PythonOperator directly from <module 'airflow.operators' from '/anaconda3/lib/python3.6/site-packages/airflow/operators/__init__.py'> has been deprecated. Please import from '<module 'airflow.operators' from '/anaconda3/lib/python3.6/site-packages/airflow/operators/__init__.py'>.[operator_module]' instead. Support for direct imports will be dropped entirely in Airflow 2.0.
  DeprecationWarning)
[2018-10-13 08:51:49,995] {jobs.py:1535} DagFileProcessor29 INFO - DAG(s) dict_keys(['latest_only', 'example_python_operator', 'test_utils', 'example_bash_operator', 'example_short_circuit_operator', 'example_branch_operator', 'tutorial', 'example_passing_params_via_test_command', 'latest_only_with_trigger', 'example_xcom', 'example_http_operator', 'example_skip_dag', 'example_trigger_target_dag', 'example_branch_dop_operator_v3', 'example_subdag_operator', 'example_subdag_operator.section-1', 'example_subdag_operator.section-2', 'example_trigger_controller_dag', 'image_submission_simulation']) retrieved from /Users/zhonghengli/Deep_Images_Hub/src/airflow/workspace/airflow_home/dags/user_images_upload_simulation.py
[2018-10-13 08:51:50,192] {models.py:322} DagFileProcessor29 INFO - Finding 'running' jobs without a recent heartbeat
[2018-10-13 08:51:50,192] {models.py:328} DagFileProcessor29 INFO - Failing jobs without heartbeat after 2018-10-13 08:46:50.192487
[2018-10-13 08:51:50,195] {jobs.py:351} DagFileProcessor29 INFO - Processing /Users/zhonghengli/Deep_Images_Hub/src/airflow/workspace/airflow_home/dags/user_images_upload_simulation.py took 0.624 seconds
[2018-10-13 08:51:56,490] {jobs.py:343} DagFileProcessor33 INFO - Started process (PID=78106) to work on /Users/zhonghengli/Deep_Images_Hub/src/airflow/workspace/airflow_home/dags/user_images_upload_simulation.py
[2018-10-13 08:51:56,494] {jobs.py:534} DagFileProcessor33 ERROR - Cannot use more than 1 thread when using sqlite. Setting max_threads to 1
[2018-10-13 08:51:56,495] {jobs.py:1521} DagFileProcessor33 INFO - Processing file /Users/zhonghengli/Deep_Images_Hub/src/airflow/workspace/airflow_home/dags/user_images_upload_simulation.py for tasks to queue
[2018-10-13 08:51:56,496] {models.py:167} DagFileProcessor33 INFO - Filling up the DagBag from /Users/zhonghengli/Deep_Images_Hub/src/airflow/workspace/airflow_home/dags/user_images_upload_simulation.py
/anaconda3/lib/python3.6/site-packages/airflow/utils/helpers.py:406: DeprecationWarning: Importing PythonOperator directly from <module 'airflow.operators' from '/anaconda3/lib/python3.6/site-packages/airflow/operators/__init__.py'> has been deprecated. Please import from '<module 'airflow.operators' from '/anaconda3/lib/python3.6/site-packages/airflow/operators/__init__.py'>.[operator_module]' instead. Support for direct imports will be dropped entirely in Airflow 2.0.
  DeprecationWarning)
[2018-10-13 08:51:56,924] {jobs.py:1535} DagFileProcessor33 INFO - DAG(s) dict_keys(['latest_only', 'example_python_operator', 'test_utils', 'example_bash_operator', 'example_short_circuit_operator', 'example_branch_operator', 'tutorial', 'example_passing_params_via_test_command', 'latest_only_with_trigger', 'example_xcom', 'example_http_operator', 'example_skip_dag', 'example_trigger_target_dag', 'example_branch_dop_operator_v3', 'example_subdag_operator', 'example_subdag_operator.section-1', 'example_subdag_operator.section-2', 'example_trigger_controller_dag', 'image_submission_simulation']) retrieved from /Users/zhonghengli/Deep_Images_Hub/src/airflow/workspace/airflow_home/dags/user_images_upload_simulation.py
[2018-10-13 08:51:57,114] {models.py:322} DagFileProcessor33 INFO - Finding 'running' jobs without a recent heartbeat
[2018-10-13 08:51:57,114] {models.py:328} DagFileProcessor33 INFO - Failing jobs without heartbeat after 2018-10-13 08:46:57.114662
[2018-10-13 08:51:57,118] {jobs.py:351} DagFileProcessor33 INFO - Processing /Users/zhonghengli/Deep_Images_Hub/src/airflow/workspace/airflow_home/dags/user_images_upload_simulation.py took 0.628 seconds
[2018-10-13 08:52:04,148] {jobs.py:343} DagFileProcessor37 INFO - Started process (PID=78110) to work on /Users/zhonghengli/Deep_Images_Hub/src/airflow/workspace/airflow_home/dags/user_images_upload_simulation.py
[2018-10-13 08:52:04,153] {jobs.py:534} DagFileProcessor37 ERROR - Cannot use more than 1 thread when using sqlite. Setting max_threads to 1
[2018-10-13 08:52:04,155] {jobs.py:1521} DagFileProcessor37 INFO - Processing file /Users/zhonghengli/Deep_Images_Hub/src/airflow/workspace/airflow_home/dags/user_images_upload_simulation.py for tasks to queue
[2018-10-13 08:52:04,156] {models.py:167} DagFileProcessor37 INFO - Filling up the DagBag from /Users/zhonghengli/Deep_Images_Hub/src/airflow/workspace/airflow_home/dags/user_images_upload_simulation.py
/anaconda3/lib/python3.6/site-packages/airflow/utils/helpers.py:406: DeprecationWarning: Importing PythonOperator directly from <module 'airflow.operators' from '/anaconda3/lib/python3.6/site-packages/airflow/operators/__init__.py'> has been deprecated. Please import from '<module 'airflow.operators' from '/anaconda3/lib/python3.6/site-packages/airflow/operators/__init__.py'>.[operator_module]' instead. Support for direct imports will be dropped entirely in Airflow 2.0.
  DeprecationWarning)
[2018-10-13 08:52:04,722] {jobs.py:1535} DagFileProcessor37 INFO - DAG(s) dict_keys(['latest_only', 'example_python_operator', 'test_utils', 'example_bash_operator', 'example_short_circuit_operator', 'example_branch_operator', 'tutorial', 'example_passing_params_via_test_command', 'latest_only_with_trigger', 'example_xcom', 'example_http_operator', 'example_skip_dag', 'example_trigger_target_dag', 'example_branch_dop_operator_v3', 'example_subdag_operator', 'example_subdag_operator.section-1', 'example_subdag_operator.section-2', 'example_trigger_controller_dag', 'image_submission_simulation']) retrieved from /Users/zhonghengli/Deep_Images_Hub/src/airflow/workspace/airflow_home/dags/user_images_upload_simulation.py
[2018-10-13 08:52:04,924] {models.py:322} DagFileProcessor37 INFO - Finding 'running' jobs without a recent heartbeat
[2018-10-13 08:52:04,924] {models.py:328} DagFileProcessor37 INFO - Failing jobs without heartbeat after 2018-10-13 08:47:04.924521
[2018-10-13 08:52:04,927] {jobs.py:351} DagFileProcessor37 INFO - Processing /Users/zhonghengli/Deep_Images_Hub/src/airflow/workspace/airflow_home/dags/user_images_upload_simulation.py took 0.779 seconds
[2018-10-13 08:52:11,377] {jobs.py:343} DagFileProcessor41 INFO - Started process (PID=78121) to work on /Users/zhonghengli/Deep_Images_Hub/src/airflow/workspace/airflow_home/dags/user_images_upload_simulation.py
[2018-10-13 08:52:11,382] {jobs.py:534} DagFileProcessor41 ERROR - Cannot use more than 1 thread when using sqlite. Setting max_threads to 1
[2018-10-13 08:52:11,384] {jobs.py:1521} DagFileProcessor41 INFO - Processing file /Users/zhonghengli/Deep_Images_Hub/src/airflow/workspace/airflow_home/dags/user_images_upload_simulation.py for tasks to queue
[2018-10-13 08:52:11,384] {models.py:167} DagFileProcessor41 INFO - Filling up the DagBag from /Users/zhonghengli/Deep_Images_Hub/src/airflow/workspace/airflow_home/dags/user_images_upload_simulation.py
/anaconda3/lib/python3.6/site-packages/airflow/utils/helpers.py:406: DeprecationWarning: Importing PythonOperator directly from <module 'airflow.operators' from '/anaconda3/lib/python3.6/site-packages/airflow/operators/__init__.py'> has been deprecated. Please import from '<module 'airflow.operators' from '/anaconda3/lib/python3.6/site-packages/airflow/operators/__init__.py'>.[operator_module]' instead. Support for direct imports will be dropped entirely in Airflow 2.0.
  DeprecationWarning)
[2018-10-13 08:52:11,872] {jobs.py:1535} DagFileProcessor41 INFO - DAG(s) dict_keys(['latest_only', 'example_python_operator', 'test_utils', 'example_bash_operator', 'example_short_circuit_operator', 'example_branch_operator', 'tutorial', 'example_passing_params_via_test_command', 'latest_only_with_trigger', 'example_xcom', 'example_http_operator', 'example_skip_dag', 'example_trigger_target_dag', 'example_branch_dop_operator_v3', 'example_subdag_operator', 'example_subdag_operator.section-1', 'example_subdag_operator.section-2', 'example_trigger_controller_dag', 'image_submission_simulation']) retrieved from /Users/zhonghengli/Deep_Images_Hub/src/airflow/workspace/airflow_home/dags/user_images_upload_simulation.py
[2018-10-13 08:52:12,074] {models.py:322} DagFileProcessor41 INFO - Finding 'running' jobs without a recent heartbeat
[2018-10-13 08:52:12,075] {models.py:328} DagFileProcessor41 INFO - Failing jobs without heartbeat after 2018-10-13 08:47:12.074935
[2018-10-13 08:52:12,078] {jobs.py:351} DagFileProcessor41 INFO - Processing /Users/zhonghengli/Deep_Images_Hub/src/airflow/workspace/airflow_home/dags/user_images_upload_simulation.py took 0.701 seconds
[2018-10-13 08:52:18,413] {jobs.py:343} DagFileProcessor45 INFO - Started process (PID=78125) to work on /Users/zhonghengli/Deep_Images_Hub/src/airflow/workspace/airflow_home/dags/user_images_upload_simulation.py
[2018-10-13 08:52:18,418] {jobs.py:534} DagFileProcessor45 ERROR - Cannot use more than 1 thread when using sqlite. Setting max_threads to 1
[2018-10-13 08:52:18,419] {jobs.py:1521} DagFileProcessor45 INFO - Processing file /Users/zhonghengli/Deep_Images_Hub/src/airflow/workspace/airflow_home/dags/user_images_upload_simulation.py for tasks to queue
[2018-10-13 08:52:18,420] {models.py:167} DagFileProcessor45 INFO - Filling up the DagBag from /Users/zhonghengli/Deep_Images_Hub/src/airflow/workspace/airflow_home/dags/user_images_upload_simulation.py
/anaconda3/lib/python3.6/site-packages/airflow/utils/helpers.py:406: DeprecationWarning: Importing PythonOperator directly from <module 'airflow.operators' from '/anaconda3/lib/python3.6/site-packages/airflow/operators/__init__.py'> has been deprecated. Please import from '<module 'airflow.operators' from '/anaconda3/lib/python3.6/site-packages/airflow/operators/__init__.py'>.[operator_module]' instead. Support for direct imports will be dropped entirely in Airflow 2.0.
  DeprecationWarning)
[2018-10-13 08:52:19,139] {jobs.py:1535} DagFileProcessor45 INFO - DAG(s) dict_keys(['latest_only', 'example_python_operator', 'test_utils', 'example_bash_operator', 'example_short_circuit_operator', 'example_branch_operator', 'tutorial', 'example_passing_params_via_test_command', 'latest_only_with_trigger', 'example_xcom', 'example_http_operator', 'example_skip_dag', 'example_trigger_target_dag', 'example_branch_dop_operator_v3', 'example_subdag_operator', 'example_subdag_operator.section-1', 'example_subdag_operator.section-2', 'example_trigger_controller_dag', 'image_submission_simulation']) retrieved from /Users/zhonghengli/Deep_Images_Hub/src/airflow/workspace/airflow_home/dags/user_images_upload_simulation.py
[2018-10-13 08:52:19,339] {models.py:322} DagFileProcessor45 INFO - Finding 'running' jobs without a recent heartbeat
[2018-10-13 08:52:19,340] {models.py:328} DagFileProcessor45 INFO - Failing jobs without heartbeat after 2018-10-13 08:47:19.340324
[2018-10-13 08:52:19,343] {jobs.py:351} DagFileProcessor45 INFO - Processing /Users/zhonghengli/Deep_Images_Hub/src/airflow/workspace/airflow_home/dags/user_images_upload_simulation.py took 0.930 seconds
[2018-10-13 08:52:25,665] {jobs.py:343} DagFileProcessor49 INFO - Started process (PID=78129) to work on /Users/zhonghengli/Deep_Images_Hub/src/airflow/workspace/airflow_home/dags/user_images_upload_simulation.py
[2018-10-13 08:52:25,671] {jobs.py:534} DagFileProcessor49 ERROR - Cannot use more than 1 thread when using sqlite. Setting max_threads to 1
[2018-10-13 08:52:25,672] {jobs.py:1521} DagFileProcessor49 INFO - Processing file /Users/zhonghengli/Deep_Images_Hub/src/airflow/workspace/airflow_home/dags/user_images_upload_simulation.py for tasks to queue
[2018-10-13 08:52:25,672] {models.py:167} DagFileProcessor49 INFO - Filling up the DagBag from /Users/zhonghengli/Deep_Images_Hub/src/airflow/workspace/airflow_home/dags/user_images_upload_simulation.py
/anaconda3/lib/python3.6/site-packages/airflow/utils/helpers.py:406: DeprecationWarning: Importing PythonOperator directly from <module 'airflow.operators' from '/anaconda3/lib/python3.6/site-packages/airflow/operators/__init__.py'> has been deprecated. Please import from '<module 'airflow.operators' from '/anaconda3/lib/python3.6/site-packages/airflow/operators/__init__.py'>.[operator_module]' instead. Support for direct imports will be dropped entirely in Airflow 2.0.
  DeprecationWarning)
[2018-10-13 08:52:26,401] {jobs.py:1535} DagFileProcessor49 INFO - DAG(s) dict_keys(['latest_only', 'example_python_operator', 'test_utils', 'example_bash_operator', 'example_short_circuit_operator', 'example_branch_operator', 'tutorial', 'example_passing_params_via_test_command', 'latest_only_with_trigger', 'example_xcom', 'example_http_operator', 'example_skip_dag', 'example_trigger_target_dag', 'example_branch_dop_operator_v3', 'example_subdag_operator', 'example_subdag_operator.section-1', 'example_subdag_operator.section-2', 'example_trigger_controller_dag', 'image_submission_simulation']) retrieved from /Users/zhonghengli/Deep_Images_Hub/src/airflow/workspace/airflow_home/dags/user_images_upload_simulation.py
[2018-10-13 08:52:26,528] {models.py:322} DagFileProcessor49 INFO - Finding 'running' jobs without a recent heartbeat
[2018-10-13 08:52:26,529] {models.py:328} DagFileProcessor49 INFO - Failing jobs without heartbeat after 2018-10-13 08:47:26.529287
[2018-10-13 08:52:26,532] {jobs.py:351} DagFileProcessor49 INFO - Processing /Users/zhonghengli/Deep_Images_Hub/src/airflow/workspace/airflow_home/dags/user_images_upload_simulation.py took 0.868 seconds
[2018-10-13 08:52:32,901] {jobs.py:343} DagFileProcessor53 INFO - Started process (PID=78137) to work on /Users/zhonghengli/Deep_Images_Hub/src/airflow/workspace/airflow_home/dags/user_images_upload_simulation.py
[2018-10-13 08:52:32,906] {jobs.py:534} DagFileProcessor53 ERROR - Cannot use more than 1 thread when using sqlite. Setting max_threads to 1
[2018-10-13 08:52:32,908] {jobs.py:1521} DagFileProcessor53 INFO - Processing file /Users/zhonghengli/Deep_Images_Hub/src/airflow/workspace/airflow_home/dags/user_images_upload_simulation.py for tasks to queue
[2018-10-13 08:52:32,908] {models.py:167} DagFileProcessor53 INFO - Filling up the DagBag from /Users/zhonghengli/Deep_Images_Hub/src/airflow/workspace/airflow_home/dags/user_images_upload_simulation.py
/anaconda3/lib/python3.6/site-packages/airflow/utils/helpers.py:406: DeprecationWarning: Importing PythonOperator directly from <module 'airflow.operators' from '/anaconda3/lib/python3.6/site-packages/airflow/operators/__init__.py'> has been deprecated. Please import from '<module 'airflow.operators' from '/anaconda3/lib/python3.6/site-packages/airflow/operators/__init__.py'>.[operator_module]' instead. Support for direct imports will be dropped entirely in Airflow 2.0.
  DeprecationWarning)
[2018-10-13 08:52:33,390] {jobs.py:1535} DagFileProcessor53 INFO - DAG(s) dict_keys(['latest_only', 'example_python_operator', 'test_utils', 'example_bash_operator', 'example_short_circuit_operator', 'example_branch_operator', 'tutorial', 'example_passing_params_via_test_command', 'latest_only_with_trigger', 'example_xcom', 'example_http_operator', 'example_skip_dag', 'example_trigger_target_dag', 'example_branch_dop_operator_v3', 'example_subdag_operator', 'example_subdag_operator.section-1', 'example_subdag_operator.section-2', 'example_trigger_controller_dag', 'image_submission_simulation']) retrieved from /Users/zhonghengli/Deep_Images_Hub/src/airflow/workspace/airflow_home/dags/user_images_upload_simulation.py
[2018-10-13 08:52:33,527] {models.py:322} DagFileProcessor53 INFO - Finding 'running' jobs without a recent heartbeat
[2018-10-13 08:52:33,528] {models.py:328} DagFileProcessor53 INFO - Failing jobs without heartbeat after 2018-10-13 08:47:33.528312
[2018-10-13 08:52:33,532] {jobs.py:351} DagFileProcessor53 INFO - Processing /Users/zhonghengli/Deep_Images_Hub/src/airflow/workspace/airflow_home/dags/user_images_upload_simulation.py took 0.631 seconds
[2018-10-13 08:52:39,827] {jobs.py:343} DagFileProcessor57 INFO - Started process (PID=78148) to work on /Users/zhonghengli/Deep_Images_Hub/src/airflow/workspace/airflow_home/dags/user_images_upload_simulation.py
[2018-10-13 08:52:39,834] {jobs.py:534} DagFileProcessor57 ERROR - Cannot use more than 1 thread when using sqlite. Setting max_threads to 1
[2018-10-13 08:52:39,836] {jobs.py:1521} DagFileProcessor57 INFO - Processing file /Users/zhonghengli/Deep_Images_Hub/src/airflow/workspace/airflow_home/dags/user_images_upload_simulation.py for tasks to queue
[2018-10-13 08:52:39,836] {models.py:167} DagFileProcessor57 INFO - Filling up the DagBag from /Users/zhonghengli/Deep_Images_Hub/src/airflow/workspace/airflow_home/dags/user_images_upload_simulation.py
/anaconda3/lib/python3.6/site-packages/airflow/utils/helpers.py:406: DeprecationWarning: Importing PythonOperator directly from <module 'airflow.operators' from '/anaconda3/lib/python3.6/site-packages/airflow/operators/__init__.py'> has been deprecated. Please import from '<module 'airflow.operators' from '/anaconda3/lib/python3.6/site-packages/airflow/operators/__init__.py'>.[operator_module]' instead. Support for direct imports will be dropped entirely in Airflow 2.0.
  DeprecationWarning)
[2018-10-13 08:52:40,333] {jobs.py:1535} DagFileProcessor57 INFO - DAG(s) dict_keys(['latest_only', 'example_python_operator', 'test_utils', 'example_bash_operator', 'example_short_circuit_operator', 'example_branch_operator', 'tutorial', 'example_passing_params_via_test_command', 'latest_only_with_trigger', 'example_xcom', 'example_http_operator', 'example_skip_dag', 'example_trigger_target_dag', 'example_branch_dop_operator_v3', 'example_subdag_operator', 'example_subdag_operator.section-1', 'example_subdag_operator.section-2', 'example_trigger_controller_dag', 'image_submission_simulation']) retrieved from /Users/zhonghengli/Deep_Images_Hub/src/airflow/workspace/airflow_home/dags/user_images_upload_simulation.py
[2018-10-13 08:52:40,476] {models.py:322} DagFileProcessor57 INFO - Finding 'running' jobs without a recent heartbeat
[2018-10-13 08:52:40,476] {models.py:328} DagFileProcessor57 INFO - Failing jobs without heartbeat after 2018-10-13 08:47:40.476582
[2018-10-13 08:52:40,481] {jobs.py:351} DagFileProcessor57 INFO - Processing /Users/zhonghengli/Deep_Images_Hub/src/airflow/workspace/airflow_home/dags/user_images_upload_simulation.py took 0.654 seconds
[2018-10-13 08:52:46,857] {jobs.py:343} DagFileProcessor61 INFO - Started process (PID=78152) to work on /Users/zhonghengli/Deep_Images_Hub/src/airflow/workspace/airflow_home/dags/user_images_upload_simulation.py
[2018-10-13 08:52:46,861] {jobs.py:534} DagFileProcessor61 ERROR - Cannot use more than 1 thread when using sqlite. Setting max_threads to 1
[2018-10-13 08:52:46,862] {jobs.py:1521} DagFileProcessor61 INFO - Processing file /Users/zhonghengli/Deep_Images_Hub/src/airflow/workspace/airflow_home/dags/user_images_upload_simulation.py for tasks to queue
[2018-10-13 08:52:46,862] {models.py:167} DagFileProcessor61 INFO - Filling up the DagBag from /Users/zhonghengli/Deep_Images_Hub/src/airflow/workspace/airflow_home/dags/user_images_upload_simulation.py
/anaconda3/lib/python3.6/site-packages/airflow/utils/helpers.py:406: DeprecationWarning: Importing PythonOperator directly from <module 'airflow.operators' from '/anaconda3/lib/python3.6/site-packages/airflow/operators/__init__.py'> has been deprecated. Please import from '<module 'airflow.operators' from '/anaconda3/lib/python3.6/site-packages/airflow/operators/__init__.py'>.[operator_module]' instead. Support for direct imports will be dropped entirely in Airflow 2.0.
  DeprecationWarning)
[2018-10-13 08:52:47,301] {jobs.py:1535} DagFileProcessor61 INFO - DAG(s) dict_keys(['latest_only', 'example_python_operator', 'test_utils', 'example_bash_operator', 'example_short_circuit_operator', 'example_branch_operator', 'tutorial', 'example_passing_params_via_test_command', 'latest_only_with_trigger', 'example_xcom', 'example_http_operator', 'example_skip_dag', 'example_trigger_target_dag', 'example_branch_dop_operator_v3', 'example_subdag_operator', 'example_subdag_operator.section-1', 'example_subdag_operator.section-2', 'example_trigger_controller_dag', 'image_submission_simulation']) retrieved from /Users/zhonghengli/Deep_Images_Hub/src/airflow/workspace/airflow_home/dags/user_images_upload_simulation.py
[2018-10-13 08:52:47,486] {models.py:322} DagFileProcessor61 INFO - Finding 'running' jobs without a recent heartbeat
[2018-10-13 08:52:47,486] {models.py:328} DagFileProcessor61 INFO - Failing jobs without heartbeat after 2018-10-13 08:47:47.486509
[2018-10-13 08:52:47,493] {jobs.py:351} DagFileProcessor61 INFO - Processing /Users/zhonghengli/Deep_Images_Hub/src/airflow/workspace/airflow_home/dags/user_images_upload_simulation.py took 0.636 seconds
[2018-10-13 08:52:53,804] {jobs.py:343} DagFileProcessor65 INFO - Started process (PID=78156) to work on /Users/zhonghengli/Deep_Images_Hub/src/airflow/workspace/airflow_home/dags/user_images_upload_simulation.py
[2018-10-13 08:52:53,811] {jobs.py:534} DagFileProcessor65 ERROR - Cannot use more than 1 thread when using sqlite. Setting max_threads to 1
[2018-10-13 08:52:53,812] {jobs.py:1521} DagFileProcessor65 INFO - Processing file /Users/zhonghengli/Deep_Images_Hub/src/airflow/workspace/airflow_home/dags/user_images_upload_simulation.py for tasks to queue
[2018-10-13 08:52:53,813] {models.py:167} DagFileProcessor65 INFO - Filling up the DagBag from /Users/zhonghengli/Deep_Images_Hub/src/airflow/workspace/airflow_home/dags/user_images_upload_simulation.py
/anaconda3/lib/python3.6/site-packages/airflow/utils/helpers.py:406: DeprecationWarning: Importing PythonOperator directly from <module 'airflow.operators' from '/anaconda3/lib/python3.6/site-packages/airflow/operators/__init__.py'> has been deprecated. Please import from '<module 'airflow.operators' from '/anaconda3/lib/python3.6/site-packages/airflow/operators/__init__.py'>.[operator_module]' instead. Support for direct imports will be dropped entirely in Airflow 2.0.
  DeprecationWarning)
[2018-10-13 08:52:54,311] {jobs.py:1535} DagFileProcessor65 INFO - DAG(s) dict_keys(['latest_only', 'example_python_operator', 'test_utils', 'example_bash_operator', 'example_short_circuit_operator', 'example_branch_operator', 'tutorial', 'example_passing_params_via_test_command', 'latest_only_with_trigger', 'example_xcom', 'example_http_operator', 'example_skip_dag', 'example_trigger_target_dag', 'example_branch_dop_operator_v3', 'example_subdag_operator', 'example_subdag_operator.section-1', 'example_subdag_operator.section-2', 'example_trigger_controller_dag', 'image_submission_simulation']) retrieved from /Users/zhonghengli/Deep_Images_Hub/src/airflow/workspace/airflow_home/dags/user_images_upload_simulation.py
[2018-10-13 08:52:54,476] {models.py:322} DagFileProcessor65 INFO - Finding 'running' jobs without a recent heartbeat
[2018-10-13 08:52:54,477] {models.py:328} DagFileProcessor65 INFO - Failing jobs without heartbeat after 2018-10-13 08:47:54.477548
[2018-10-13 08:52:54,483] {jobs.py:351} DagFileProcessor65 INFO - Processing /Users/zhonghengli/Deep_Images_Hub/src/airflow/workspace/airflow_home/dags/user_images_upload_simulation.py took 0.679 seconds
[2018-10-13 08:53:01,035] {jobs.py:343} DagFileProcessor69 INFO - Started process (PID=78160) to work on /Users/zhonghengli/Deep_Images_Hub/src/airflow/workspace/airflow_home/dags/user_images_upload_simulation.py
[2018-10-13 08:53:01,040] {jobs.py:534} DagFileProcessor69 ERROR - Cannot use more than 1 thread when using sqlite. Setting max_threads to 1
[2018-10-13 08:53:01,041] {jobs.py:1521} DagFileProcessor69 INFO - Processing file /Users/zhonghengli/Deep_Images_Hub/src/airflow/workspace/airflow_home/dags/user_images_upload_simulation.py for tasks to queue
[2018-10-13 08:53:01,041] {models.py:167} DagFileProcessor69 INFO - Filling up the DagBag from /Users/zhonghengli/Deep_Images_Hub/src/airflow/workspace/airflow_home/dags/user_images_upload_simulation.py
/anaconda3/lib/python3.6/site-packages/airflow/utils/helpers.py:406: DeprecationWarning: Importing PythonOperator directly from <module 'airflow.operators' from '/anaconda3/lib/python3.6/site-packages/airflow/operators/__init__.py'> has been deprecated. Please import from '<module 'airflow.operators' from '/anaconda3/lib/python3.6/site-packages/airflow/operators/__init__.py'>.[operator_module]' instead. Support for direct imports will be dropped entirely in Airflow 2.0.
  DeprecationWarning)
[2018-10-13 08:53:01,555] {jobs.py:1535} DagFileProcessor69 INFO - DAG(s) dict_keys(['latest_only', 'example_python_operator', 'test_utils', 'example_bash_operator', 'example_short_circuit_operator', 'example_branch_operator', 'tutorial', 'example_passing_params_via_test_command', 'latest_only_with_trigger', 'example_xcom', 'example_http_operator', 'example_skip_dag', 'example_trigger_target_dag', 'example_branch_dop_operator_v3', 'example_subdag_operator', 'example_subdag_operator.section-1', 'example_subdag_operator.section-2', 'example_trigger_controller_dag', 'image_submission_simulation']) retrieved from /Users/zhonghengli/Deep_Images_Hub/src/airflow/workspace/airflow_home/dags/user_images_upload_simulation.py
[2018-10-13 08:53:01,697] {models.py:322} DagFileProcessor69 INFO - Finding 'running' jobs without a recent heartbeat
[2018-10-13 08:53:01,697] {models.py:328} DagFileProcessor69 INFO - Failing jobs without heartbeat after 2018-10-13 08:48:01.697662
[2018-10-13 08:53:01,701] {jobs.py:351} DagFileProcessor69 INFO - Processing /Users/zhonghengli/Deep_Images_Hub/src/airflow/workspace/airflow_home/dags/user_images_upload_simulation.py took 0.666 seconds
[2018-10-13 08:53:08,259] {jobs.py:343} DagFileProcessor73 INFO - Started process (PID=78164) to work on /Users/zhonghengli/Deep_Images_Hub/src/airflow/workspace/airflow_home/dags/user_images_upload_simulation.py
[2018-10-13 08:53:08,266] {jobs.py:534} DagFileProcessor73 ERROR - Cannot use more than 1 thread when using sqlite. Setting max_threads to 1
[2018-10-13 08:53:08,268] {jobs.py:1521} DagFileProcessor73 INFO - Processing file /Users/zhonghengli/Deep_Images_Hub/src/airflow/workspace/airflow_home/dags/user_images_upload_simulation.py for tasks to queue
[2018-10-13 08:53:08,268] {models.py:167} DagFileProcessor73 INFO - Filling up the DagBag from /Users/zhonghengli/Deep_Images_Hub/src/airflow/workspace/airflow_home/dags/user_images_upload_simulation.py
/anaconda3/lib/python3.6/site-packages/airflow/utils/helpers.py:406: DeprecationWarning: Importing PythonOperator directly from <module 'airflow.operators' from '/anaconda3/lib/python3.6/site-packages/airflow/operators/__init__.py'> has been deprecated. Please import from '<module 'airflow.operators' from '/anaconda3/lib/python3.6/site-packages/airflow/operators/__init__.py'>.[operator_module]' instead. Support for direct imports will be dropped entirely in Airflow 2.0.
  DeprecationWarning)
[2018-10-13 08:53:08,967] {jobs.py:1535} DagFileProcessor73 INFO - DAG(s) dict_keys(['latest_only', 'example_python_operator', 'test_utils', 'example_bash_operator', 'example_short_circuit_operator', 'example_branch_operator', 'tutorial', 'example_passing_params_via_test_command', 'latest_only_with_trigger', 'example_xcom', 'example_http_operator', 'example_skip_dag', 'example_trigger_target_dag', 'example_branch_dop_operator_v3', 'example_subdag_operator', 'example_subdag_operator.section-1', 'example_subdag_operator.section-2', 'example_trigger_controller_dag', 'image_submission_simulation']) retrieved from /Users/zhonghengli/Deep_Images_Hub/src/airflow/workspace/airflow_home/dags/user_images_upload_simulation.py
[2018-10-13 08:53:09,104] {models.py:322} DagFileProcessor73 INFO - Finding 'running' jobs without a recent heartbeat
[2018-10-13 08:53:09,105] {models.py:328} DagFileProcessor73 INFO - Failing jobs without heartbeat after 2018-10-13 08:48:09.105055
[2018-10-13 08:53:09,108] {jobs.py:351} DagFileProcessor73 INFO - Processing /Users/zhonghengli/Deep_Images_Hub/src/airflow/workspace/airflow_home/dags/user_images_upload_simulation.py took 0.849 seconds
